<?xml version="1.0" encoding="UTF-8"?>
<testsuite name="13. user login with prefix 62 phone number but correct password" tests="6" skipped="0" failures="0" errors="0" timestamp="2020-06-24T07:02:40" hostname="LAPTOP-8ROAKM94" time="7.214">
  <properties/>
  <testcase name="User is on Login Page" classname="13. user login with prefix 62 phone number but correct password" time="3.499"/>
  <testcase name="User input phone number &quot;62813000000&quot; on phone number field" classname="13. user login with prefix 62 phone number but correct password" time="0.705"/>
  <testcase name="User input password &quot;P@ssw0rd&quot; on password field" classname="13. user login with prefix 62 phone number but correct password" time="1.496"/>
  <testcase name="User cannot click Sign In button on Login Page" classname="13. user login with prefix 62 phone number but correct password" time="0.703"/>
  <testcase name="User see error message &quot;Wrong Phone Number format! All Numbers and 9 – 12 digits!&quot;" classname="13. user login with prefix 62 phone number but correct password" time="0.097"/>
  <testcase name="classMethod" classname="13. user login with prefix 62 phone number but correct password" time="15.543"/>
  <system-out><![CDATA[
@Login @Invalid
Scenario: 13. user login with prefix 62 phone number but correct password                 ?[90m# src/test/resources/features/Login.feature:76?[0m
]]></system-out>
  <system-err><![CDATA[Jun 24, 2020 2:02:40 PM io.appium.java_client.remote.AppiumCommandExecutor$1 lambda$0
INFO: Detected dialect: W3C
]]></system-err>
</testsuite>
