<?xml version="1.0" encoding="UTF-8"?>
<testsuite name="6. user login with 8 digits phone number but correct password" tests="6" skipped="0" failures="0" errors="0" timestamp="2020-06-24T07:00:51" hostname="LAPTOP-8ROAKM94" time="6.761">
  <properties/>
  <testcase name="User is on Login Page" classname="6. user login with 8 digits phone number but correct password" time="3.527"/>
  <testcase name="User input phone number &quot;81300000&quot; on phone number field" classname="6. user login with 8 digits phone number but correct password" time="0.139"/>
  <testcase name="User input password &quot;P@ssw0rd&quot; on password field" classname="6. user login with 8 digits phone number but correct password" time="1.465"/>
  <testcase name="User cannot click Sign In button on Login Page" classname="6. user login with 8 digits phone number but correct password" time="0.709"/>
  <testcase name="User see error message &quot;Wrong Phone Number format! All Numbers and 9 – 12 digits!&quot;" classname="6. user login with 8 digits phone number but correct password" time="0.099"/>
  <testcase name="classMethod" classname="6. user login with 8 digits phone number but correct password" time="15.314"/>
  <system-out><![CDATA[
@Login @Invalid
Scenario: 6. user login with 8 digits phone number but correct password                   ?[90m# src/test/resources/features/Login.feature:44?[0m
]]></system-out>
  <system-err><![CDATA[Jun 24, 2020 2:00:51 PM io.appium.java_client.remote.AppiumCommandExecutor$1 lambda$0
INFO: Detected dialect: W3C
]]></system-err>
</testsuite>
