<?xml version="1.0" encoding="UTF-8"?>
<testsuite name="project.CucumberRunner" tests="0" skipped="0" failures="0" errors="0" timestamp="1970-01-01T00:00:00" hostname="dnid0652l01.local" time="0.0">
  <properties/>
  <system-out><![CDATA[  ?[32mGiven ?[0m?[32mUser is on Login Page?[0m                                          ?[90m# project.stepsdefinition.LoginStepDefinition.userIsOnLoginPage()?[0m
  ?[32mAnd ?[0m?[32mUser input phone number ?[0m?[32m?[1m"81394577665"?[0m?[32m on phone number field?[0m      ?[90m# project.stepsdefinition.LoginStepDefinition.userInputPhoneNumberOnPhoneNumberField(java.lang.String)?[0m
  ?[32mAnd ?[0m?[32mUser input password ?[0m?[32m?[1m"P@ssw0rd"?[0m?[32m on password field?[0m                 ?[90m# project.stepsdefinition.LoginStepDefinition.userInputPasswordOnPasswordField(java.lang.String)?[0m
  ?[32mAnd ?[0m?[32mUser click Sign In button on Login Page?[0m                          ?[90m# project.stepsdefinition.LoginStepDefinition.userClickSignInButton()?[0m
  ?[32mAnd ?[0m?[32mUser is on Home Page?[0m                                             ?[90m# project.stepsdefinition.ChangePasswordStepDefinition.userIsOnHomePage()?[0m
  ?[32mAnd ?[0m?[32mUser tap My Account button on Home page?[0m                          ?[90m# project.stepsdefinition.ChangePasswordStepDefinition.userTapMyAccountButtonOnHomePage()?[0m
  ?[32mGiven ?[0m?[32mUser is on My Account page?[0m                                     ?[90m# project.stepsdefinition.ChangePasswordStepDefinition.userIsOnMyAccountPage()?[0m
  ?[32mWhen ?[0m?[32mUser tap Change Password button on My Account page?[0m              ?[90m# project.stepsdefinition.ChangePasswordStepDefinition.userTapChangePasswordButtonOnMyAccountPage()?[0m
  ?[31mThen ?[0m?[31mUser is on Change Password page?[0m                                 ?[90m# project.stepsdefinition.ChangePasswordStepDefinition.userIsOnChangePasswordPage()?[0m
      ?[31morg.openqa.selenium.TimeoutException: Expected condition failed: waiting for presence of element located by: By.id: tvChangePasswordTitle (tried for 10 second(s) with 500 milliseconds interval)
	at org.openqa.selenium.support.ui.WebDriverWait.timeoutException(WebDriverWait.java:95)
	at org.openqa.selenium.support.ui.FluentWait.until(FluentWait.java:272)
	at project.PageFunctions.waitABit(PageFunctions.java:14)
	at project.pages.ChangePasswordPage.onChangePasswordPage(ChangePasswordPage.java:11)
	at project.stepsdefinition.ChangePasswordStepDefinition.userIsOnChangePasswordPage(ChangePasswordStepDefinition.java:39)
	at ✽.User is on Change Password page(file:///Users/samburr/IdeaProjects/DANA%20Business%20Project/src/test/resources/features/MyAccount.feature:16)
Caused by: org.openqa.selenium.NoSuchElementException: An element could not be located on the page using the given search parameters.
For documentation on this error, please visit: https://www.seleniumhq.org/exceptions/no_such_element.html
Build info: version: '3.141.59', revision: 'e82be7d358', time: '2018-11-14T08:17:03'
System info: host: 'dnid0652l01.local', ip: 'fe80:0:0:0:14e4:2137:90fd:c027%en0', os.name: 'Mac OS X', os.arch: 'x86_64', os.version: '10.15.5', java.version: '1.8.0_251'
Driver info: io.appium.java_client.android.AndroidDriver
Capabilities {app: /Users/samburr/IdeaProjects..., appPackage: com.alfikri.rizky.danabusin..., autoGrantPermissions: true, automationName: UiAutomator2, databaseEnabled: false, desired: {app: /Users/samburr/IdeaProjects..., autoGrantPermissions: true, automationName: UiAutomator2, deviceName: device, platformName: android, platformVersion: 6.0, udid: emulator-5554}, deviceApiLevel: 23, deviceManufacturer: unknown, deviceModel: Android SDK built for x86, deviceName: emulator-5554, deviceScreenDensity: 420, deviceScreenSize: 1080x1920, deviceUDID: emulator-5554, javascriptEnabled: true, locationContextEnabled: false, networkConnectionEnabled: true, pixelRatio: 2.625, platform: LINUX, platformName: Android, platformVersion: 6.0, statBarHeight: 63, takesScreenshot: true, udid: emulator-5554, viewportRect: {height: 1731, left: 0, top: 63, width: 1080}, warnings: {}, webStorageEnabled: false}
Session ID: 90226bb6-2f1c-416e-a78b-68a0b0d3c28b
*** Element info: {Using=id, value=tvChangePasswordTitle}
	at sun.reflect.NativeConstructorAccessorImpl.newInstance0(Native Method)
	at sun.reflect.NativeConstructorAccessorImpl.newInstance(NativeConstructorAccessorImpl.java:62)
	at sun.reflect.DelegatingConstructorAccessorImpl.newInstance(DelegatingConstructorAccessorImpl.java:45)
	at java.lang.reflect.Constructor.newInstance(Constructor.java:423)
	at org.openqa.selenium.remote.http.W3CHttpResponseCodec.createException(W3CHttpResponseCodec.java:187)
	at org.openqa.selenium.remote.http.W3CHttpResponseCodec.decode(W3CHttpResponseCodec.java:122)
	at org.openqa.selenium.remote.http.W3CHttpResponseCodec.decode(W3CHttpResponseCodec.java:49)
	at org.openqa.selenium.remote.HttpCommandExecutor.execute(HttpCommandExecutor.java:158)
	at io.appium.java_client.remote.AppiumCommandExecutor.execute(AppiumCommandExecutor.java:239)
	at org.openqa.selenium.remote.RemoteWebDriver.execute(RemoteWebDriver.java:552)
	at io.appium.java_client.DefaultGenericMobileDriver.execute(DefaultGenericMobileDriver.java:41)
	at io.appium.java_client.AppiumDriver.execute(AppiumDriver.java:1)
	at io.appium.java_client.android.AndroidDriver.execute(AndroidDriver.java:1)
	at org.openqa.selenium.remote.RemoteWebDriver.findElement(RemoteWebDriver.java:323)
	at io.appium.java_client.DefaultGenericMobileDriver.findElement(DefaultGenericMobileDriver.java:61)
	at io.appium.java_client.AppiumDriver.findElement(AppiumDriver.java:1)
	at io.appium.java_client.android.AndroidDriver.findElement(AndroidDriver.java:1)
	at org.openqa.selenium.remote.RemoteWebDriver.findElementById(RemoteWebDriver.java:372)
	at io.appium.java_client.DefaultGenericMobileDriver.findElementById(DefaultGenericMobileDriver.java:69)
	at io.appium.java_client.AppiumDriver.findElementById(AppiumDriver.java:1)
	at io.appium.java_client.android.AndroidDriver.findElementById(AndroidDriver.java:1)
	at org.openqa.selenium.By$ById.findElement(By.java:188)
	at org.openqa.selenium.remote.RemoteWebDriver.findElement(RemoteWebDriver.java:315)
	at io.appium.java_client.DefaultGenericMobileDriver.findElement(DefaultGenericMobileDriver.java:57)
	at io.appium.java_client.AppiumDriver.findElement(AppiumDriver.java:1)
	at io.appium.java_client.android.AndroidDriver.findElement(AndroidDriver.java:1)
	at org.openqa.selenium.support.ui.ExpectedConditions$6.apply(ExpectedConditions.java:182)
	at org.openqa.selenium.support.ui.ExpectedConditions$6.apply(ExpectedConditions.java:179)
	at org.openqa.selenium.support.ui.FluentWait.until(FluentWait.java:249)
	at project.PageFunctions.waitABit(PageFunctions.java:14)
	at project.pages.ChangePasswordPage.onChangePasswordPage(ChangePasswordPage.java:11)
	at project.stepsdefinition.ChangePasswordStepDefinition.userIsOnChangePasswordPage(ChangePasswordStepDefinition.java:39)
	at sun.reflect.NativeMethodAccessorImpl.invoke0(Native Method)
	at sun.reflect.NativeMethodAccessorImpl.invoke(NativeMethodAccessorImpl.java:62)
	at sun.reflect.DelegatingMethodAccessorImpl.invoke(DelegatingMethodAccessorImpl.java:43)
	at java.lang.reflect.Method.invoke(Method.java:498)
	at io.cucumber.java.Invoker.invoke(Invoker.java:27)
	at io.cucumber.java.JavaStepDefinition.execute(JavaStepDefinition.java:27)
	at io.cucumber.core.runner.PickleStepDefinitionMatch.runStep(PickleStepDefinitionMatch.java:63)
	at io.cucumber.core.runner.TestStep.executeStep(TestStep.java:64)
	at io.cucumber.core.runner.TestStep.run(TestStep.java:49)
	at io.cucumber.core.runner.PickleStepTestStep.run(PickleStepTestStep.java:46)
	at io.cucumber.core.runner.TestCase.run(TestCase.java:51)
	at io.cucumber.core.runner.Runner.runPickle(Runner.java:67)
	at io.cucumber.junit.PickleRunners$WithStepDescriptions.run(PickleRunners.java:100)
	at io.cucumber.junit.FeatureRunner.runChild(FeatureRunner.java:83)
	at io.cucumber.junit.FeatureRunner.runChild(FeatureRunner.java:24)
	at org.junit.runners.ParentRunner$4.run(ParentRunner.java:331)
	at org.junit.runners.ParentRunner$1.schedule(ParentRunner.java:79)
	at org.junit.runners.ParentRunner.runChildren(ParentRunner.java:329)
	at org.junit.runners.ParentRunner.access$100(ParentRunner.java:66)
	at org.junit.runners.ParentRunner$2.evaluate(ParentRunner.java:293)
	at org.junit.runners.ParentRunner$3.evaluate(ParentRunner.java:306)
	at org.junit.runners.ParentRunner.run(ParentRunner.java:413)
	at io.cucumber.junit.Cucumber.runChild(Cucumber.java:185)
	at io.cucumber.junit.Cucumber.runChild(Cucumber.java:83)
	at org.junit.runners.ParentRunner$4.run(ParentRunner.java:331)
	at org.junit.runners.ParentRunner$1.schedule(ParentRunner.java:79)
	at org.junit.runners.ParentRunner.runChildren(ParentRunner.java:329)
	at org.junit.runners.ParentRunner.access$100(ParentRunner.java:66)
	at org.junit.runners.ParentRunner$2.evaluate(ParentRunner.java:293)
	at io.cucumber.junit.Cucumber$RunCucumber.evaluate(Cucumber.java:219)
	at org.junit.runners.ParentRunner$3.evaluate(ParentRunner.java:306)
	at org.junit.runners.ParentRunner.run(ParentRunner.java:413)
	at org.gradle.api.internal.tasks.testing.junit.JUnitTestClassExecutor.runTestClass(JUnitTestClassExecutor.java:110)
	at org.gradle.api.internal.tasks.testing.junit.JUnitTestClassExecutor.execute(JUnitTestClassExecutor.java:58)
	at org.gradle.api.internal.tasks.testing.junit.JUnitTestClassExecutor.execute(JUnitTestClassExecutor.java:38)
	at org.gradle.api.internal.tasks.testing.junit.AbstractJUnitTestClassProcessor.processTestClass(AbstractJUnitTestClassProcessor.java:62)
	at org.gradle.api.internal.tasks.testing.SuiteTestClassProcessor.processTestClass(SuiteTestClassProcessor.java:51)
	at sun.reflect.NativeMethodAccessorImpl.invoke0(Native Method)
	at sun.reflect.NativeMethodAccessorImpl.invoke(NativeMethodAccessorImpl.java:62)
	at sun.reflect.DelegatingMethodAccessorImpl.invoke(DelegatingMethodAccessorImpl.java:43)
	at java.lang.reflect.Method.invoke(Method.java:498)
	at org.gradle.internal.dispatch.ReflectionDispatch.dispatch(ReflectionDispatch.java:35)
	at org.gradle.internal.dispatch.ReflectionDispatch.dispatch(ReflectionDispatch.java:24)
	at org.gradle.internal.dispatch.ContextClassLoaderDispatch.dispatch(ContextClassLoaderDispatch.java:32)
	at org.gradle.internal.dispatch.ProxyDispatchAdapter$DispatchingInvocationHandler.invoke(ProxyDispatchAdapter.java:93)
	at com.sun.proxy.$Proxy2.processTestClass(Unknown Source)
	at org.gradle.api.internal.tasks.testing.worker.TestWorker.processTestClass(TestWorker.java:118)
	at sun.reflect.NativeMethodAccessorImpl.invoke0(Native Method)
	at sun.reflect.NativeMethodAccessorImpl.invoke(NativeMethodAccessorImpl.java:62)
	at sun.reflect.DelegatingMethodAccessorImpl.invoke(DelegatingMethodAccessorImpl.java:43)
	at java.lang.reflect.Method.invoke(Method.java:498)
	at org.gradle.internal.dispatch.ReflectionDispatch.dispatch(ReflectionDispatch.java:35)
	at org.gradle.internal.dispatch.ReflectionDispatch.dispatch(ReflectionDispatch.java:24)
	at org.gradle.internal.remote.internal.hub.MessageHubBackedObjectConnection$DispatchWrapper.dispatch(MessageHubBackedObjectConnection.java:175)
	at org.gradle.internal.remote.internal.hub.MessageHubBackedObjectConnection$DispatchWrapper.dispatch(MessageHubBackedObjectConnection.java:157)
	at org.gradle.internal.remote.internal.hub.MessageHub$Handler.run(MessageHub.java:404)
	at org.gradle.internal.concurrent.ExecutorPolicy$CatchAndRecordFailures.onExecute(ExecutorPolicy.java:63)
	at org.gradle.internal.concurrent.ManagedExecutorImpl$1.run(ManagedExecutorImpl.java:46)
	at java.util.concurrent.ThreadPoolExecutor.runWorker(ThreadPoolExecutor.java:1149)
	at java.util.concurrent.ThreadPoolExecutor$Worker.run(ThreadPoolExecutor.java:624)
	at org.gradle.internal.concurrent.ThreadFactoryImpl$ManagedThreadRunnable.run(ThreadFactoryImpl.java:55)
	at java.lang.Thread.run(Thread.java:748)
?[0m

    Embedding null [image/png 114216 bytes]


    scenario Fail

  ?[32mGiven ?[0m?[32mUser is on Login Page?[0m                                     ?[90m# project.stepsdefinition.LoginStepDefinition.userIsOnLoginPage()?[0m
  ?[32mAnd ?[0m?[32mUser input phone number ?[0m?[32m?[1m"81394577665"?[0m?[32m on phone number field?[0m ?[90m# project.stepsdefinition.LoginStepDefinition.userInputPhoneNumberOnPhoneNumberField(java.lang.String)?[0m
  ?[32mAnd ?[0m?[32mUser input password ?[0m?[32m?[1m"P@ssw0rd"?[0m?[32m on password field?[0m            ?[90m# project.stepsdefinition.LoginStepDefinition.userInputPasswordOnPasswordField(java.lang.String)?[0m
  ?[32mAnd ?[0m?[32mUser click Sign In button on Login Page?[0m                     ?[90m# project.stepsdefinition.LoginStepDefinition.userClickSignInButton()?[0m
  ?[32mAnd ?[0m?[32mUser is on Home Page?[0m                                        ?[90m# project.stepsdefinition.ChangePasswordStepDefinition.userIsOnHomePage()?[0m
  ?[32mAnd ?[0m?[32mUser tap My Account button on Home page?[0m                     ?[90m# project.stepsdefinition.ChangePasswordStepDefinition.userTapMyAccountButtonOnHomePage()?[0m
  ?[32mGiven ?[0m?[32mUser is on My Account page?[0m                                ?[90m# project.stepsdefinition.ChangePasswordStepDefinition.userIsOnMyAccountPage()?[0m
  ?[32mWhen ?[0m?[32mUser tap Balance button on My Account page?[0m                 ?[90m# project.stepsdefinition.MyAccountStepDefinition.userTapBalanceButtonOnMyAccountPage()?[0m
  ?[32mThen ?[0m?[32mUser is on Top Up page?[0m                                     ?[90m# project.stepsdefinition.MyAccountStepDefinition.userIsOnTopUpPage()?[0m
  ?[32mGiven ?[0m?[32mUser is on Login Page?[0m                                     ?[90m# project.stepsdefinition.LoginStepDefinition.userIsOnLoginPage()?[0m
  ?[32mAnd ?[0m?[32mUser input phone number ?[0m?[32m?[1m"81394577665"?[0m?[32m on phone number field?[0m ?[90m# project.stepsdefinition.LoginStepDefinition.userInputPhoneNumberOnPhoneNumberField(java.lang.String)?[0m
  ?[32mAnd ?[0m?[32mUser input password ?[0m?[32m?[1m"P@ssw0rd"?[0m?[32m on password field?[0m            ?[90m# project.stepsdefinition.LoginStepDefinition.userInputPasswordOnPasswordField(java.lang.String)?[0m
  ?[32mAnd ?[0m?[32mUser click Sign In button on Login Page?[0m                     ?[90m# project.stepsdefinition.LoginStepDefinition.userClickSignInButton()?[0m
  ?[32mAnd ?[0m?[32mUser is on Home Page?[0m                                        ?[90m# project.stepsdefinition.ChangePasswordStepDefinition.userIsOnHomePage()?[0m
  ?[32mAnd ?[0m?[32mUser tap My Account button on Home page?[0m                     ?[90m# project.stepsdefinition.ChangePasswordStepDefinition.userTapMyAccountButtonOnHomePage()?[0m
  ?[32mGiven ?[0m?[32mUser is on My Account page?[0m                                ?[90m# project.stepsdefinition.ChangePasswordStepDefinition.userIsOnMyAccountPage()?[0m
  ?[32mWhen ?[0m?[32mUser tap Back button on My Account page?[0m                    ?[90m# project.stepsdefinition.MyAccountStepDefinition.userTapBackButtonOnMyAccountPage()?[0m
  ?[32mThen ?[0m?[32mUser is on Home Page?[0m                                       ?[90m# project.stepsdefinition.ChangePasswordStepDefinition.userIsOnHomePage()?[0m
  ?[32mGiven ?[0m?[32mUser is on Login Page?[0m                                     ?[90m# project.stepsdefinition.LoginStepDefinition.userIsOnLoginPage()?[0m
  ?[32mAnd ?[0m?[32mUser input phone number ?[0m?[32m?[1m"81394577665"?[0m?[32m on phone number field?[0m ?[90m# project.stepsdefinition.LoginStepDefinition.userInputPhoneNumberOnPhoneNumberField(java.lang.String)?[0m
  ?[32mAnd ?[0m?[32mUser input password ?[0m?[32m?[1m"P@ssw0rd"?[0m?[32m on password field?[0m            ?[90m# project.stepsdefinition.LoginStepDefinition.userInputPasswordOnPasswordField(java.lang.String)?[0m
  ?[32mAnd ?[0m?[32mUser click Sign In button on Login Page?[0m                     ?[90m# project.stepsdefinition.LoginStepDefinition.userClickSignInButton()?[0m
  ?[32mAnd ?[0m?[32mUser is on Home Page?[0m                                        ?[90m# project.stepsdefinition.ChangePasswordStepDefinition.userIsOnHomePage()?[0m
  ?[32mAnd ?[0m?[32mUser tap My Account button on Home page?[0m                     ?[90m# project.stepsdefinition.ChangePasswordStepDefinition.userTapMyAccountButtonOnHomePage()?[0m
  ?[32mGiven ?[0m?[32mUser is on My Account page?[0m                                ?[90m# project.stepsdefinition.ChangePasswordStepDefinition.userIsOnMyAccountPage()?[0m
  ?[32mWhen ?[0m?[32mUser tap Logout button on My Account page?[0m                  ?[90m# project.stepsdefinition.MyAccountStepDefinition.userTapLogoutButtonOnMyAccountPage()?[0m
  ?[32mAnd ?[0m?[32mUser tap yes on pop up message?[0m                              ?[90m# project.stepsdefinition.MyAccountStepDefinition.userTapYesOnPopUpMessage()?[0m
  ?[32mThen ?[0m?[32mUser is on Login Page?[0m                                      ?[90m# project.stepsdefinition.LoginStepDefinition.userIsOnLoginPage()?[0m
  ?[32mGiven ?[0m?[32mUser is on Login Page?[0m                                     ?[90m# project.stepsdefinition.LoginStepDefinition.userIsOnLoginPage()?[0m
  ?[32mAnd ?[0m?[32mUser input phone number ?[0m?[32m?[1m"81394577665"?[0m?[32m on phone number field?[0m ?[90m# project.stepsdefinition.LoginStepDefinition.userInputPhoneNumberOnPhoneNumberField(java.lang.String)?[0m
  ?[32mAnd ?[0m?[32mUser input password ?[0m?[32m?[1m"P@ssw0rd"?[0m?[32m on password field?[0m            ?[90m# project.stepsdefinition.LoginStepDefinition.userInputPasswordOnPasswordField(java.lang.String)?[0m
  ?[32mAnd ?[0m?[32mUser click Sign In button on Login Page?[0m                     ?[90m# project.stepsdefinition.LoginStepDefinition.userClickSignInButton()?[0m
  ?[32mAnd ?[0m?[32mUser is on Home Page?[0m                                        ?[90m# project.stepsdefinition.ChangePasswordStepDefinition.userIsOnHomePage()?[0m
  ?[32mAnd ?[0m?[32mUser tap My Account button on Home page?[0m                     ?[90m# project.stepsdefinition.ChangePasswordStepDefinition.userTapMyAccountButtonOnHomePage()?[0m
  ?[32mGiven ?[0m?[32mUser is on My Account page?[0m                                ?[90m# project.stepsdefinition.ChangePasswordStepDefinition.userIsOnMyAccountPage()?[0m
  ?[32mWhen ?[0m?[32mUser tap Logout button on My Account page?[0m                  ?[90m# project.stepsdefinition.MyAccountStepDefinition.userTapLogoutButtonOnMyAccountPage()?[0m
  ?[32mAnd ?[0m?[32mUser tap no on pop up message?[0m                               ?[90m# project.stepsdefinition.MyAccountStepDefinition.userTapNoOnPopUpMessage()?[0m
  ?[32mThen ?[0m?[32mUser is on My Account page?[0m                                 ?[90m# project.stepsdefinition.ChangePasswordStepDefinition.userIsOnMyAccountPage()?[0m
  ?[32mGiven ?[0m?[32mUser is on Login Page?[0m                                                 ?[90m# project.stepsdefinition.LoginStepDefinition.userIsOnLoginPage()?[0m
  ?[32mAnd ?[0m?[32mUser input phone number ?[0m?[32m?[1m"81394577665"?[0m?[32m on phone number field?[0m             ?[90m# project.stepsdefinition.LoginStepDefinition.userInputPhoneNumberOnPhoneNumberField(java.lang.String)?[0m
  ?[32mAnd ?[0m?[32mUser input password ?[0m?[32m?[1m"P@ssw0rd"?[0m?[32m on password field?[0m                        ?[90m# project.stepsdefinition.LoginStepDefinition.userInputPasswordOnPasswordField(java.lang.String)?[0m
  ?[32mAnd ?[0m?[32mUser click Sign In button on Login Page?[0m                                 ?[90m# project.stepsdefinition.LoginStepDefinition.userClickSignInButton()?[0m
  ?[32mAnd ?[0m?[32mUser is on Home Page?[0m                                                    ?[90m# project.stepsdefinition.ChangePasswordStepDefinition.userIsOnHomePage()?[0m
  ?[32mAnd ?[0m?[32mUser tap My Account button on Home page?[0m                                 ?[90m# project.stepsdefinition.ChangePasswordStepDefinition.userTapMyAccountButtonOnHomePage()?[0m
  ?[32mGiven ?[0m?[32mUser is on My Account page?[0m                                            ?[90m# project.stepsdefinition.ChangePasswordStepDefinition.userIsOnMyAccountPage()?[0m
  ?[32mWhen ?[0m?[32mUser see Phone Number on My Account page?[0m                               ?[90m# project.stepsdefinition.MyAccountStepDefinition.userSeePhoneNumberOnMyAccountPage()?[0m
  ?[32mThen ?[0m?[32mUser validate Phone Number with registered Phone Number ?[0m?[32m?[1m"081394577665"?[0m ?[90m# project.stepsdefinition.MyAccountStepDefinition.userValidatePhoneNumberWithRegisteredPhoneNumber(java.lang.String)?[0m
  ?[32mGiven ?[0m?[32mUser is on Login Page?[0m                                         ?[90m# project.stepsdefinition.LoginStepDefinition.userIsOnLoginPage()?[0m
  ?[32mAnd ?[0m?[32mUser input phone number ?[0m?[32m?[1m"81394577665"?[0m?[32m on phone number field?[0m     ?[90m# project.stepsdefinition.LoginStepDefinition.userInputPhoneNumberOnPhoneNumberField(java.lang.String)?[0m
  ?[32mAnd ?[0m?[32mUser input password ?[0m?[32m?[1m"P@ssw0rd"?[0m?[32m on password field?[0m                ?[90m# project.stepsdefinition.LoginStepDefinition.userInputPasswordOnPasswordField(java.lang.String)?[0m
  ?[32mAnd ?[0m?[32mUser click Sign In button on Login Page?[0m                         ?[90m# project.stepsdefinition.LoginStepDefinition.userClickSignInButton()?[0m
  ?[32mAnd ?[0m?[32mUser is on Home Page?[0m                                            ?[90m# project.stepsdefinition.ChangePasswordStepDefinition.userIsOnHomePage()?[0m
  ?[32mAnd ?[0m?[32mUser tap My Account button on Home page?[0m                         ?[90m# project.stepsdefinition.ChangePasswordStepDefinition.userTapMyAccountButtonOnHomePage()?[0m
  ?[32mGiven ?[0m?[32mUser is on My Account page?[0m                                    ?[90m# project.stepsdefinition.ChangePasswordStepDefinition.userIsOnMyAccountPage()?[0m
  ?[32mWhen ?[0m?[32mUser see Name on My Account page?[0m                               ?[90m# project.stepsdefinition.MyAccountStepDefinition.userSeeNameOnMyAccountPage()?[0m
  ?[32mThen ?[0m?[32mUser validate Name with registered Name ?[0m?[32m?[1m"Dananjoyo Helyudanto"?[0m ?[90m# project.stepsdefinition.MyAccountStepDefinition.userValidateNameWithRegisteredName(java.lang.String)?[0m
  ?[32mGiven ?[0m?[32mUser is on Login Page?[0m                                           ?[90m# project.stepsdefinition.LoginStepDefinition.userIsOnLoginPage()?[0m
  ?[32mAnd ?[0m?[32mUser input phone number ?[0m?[32m?[1m"81394577665"?[0m?[32m on phone number field?[0m       ?[90m# project.stepsdefinition.LoginStepDefinition.userInputPhoneNumberOnPhoneNumberField(java.lang.String)?[0m
  ?[32mAnd ?[0m?[32mUser input password ?[0m?[32m?[1m"P@ssw0rd"?[0m?[32m on password field?[0m                  ?[90m# project.stepsdefinition.LoginStepDefinition.userInputPasswordOnPasswordField(java.lang.String)?[0m
  ?[32mAnd ?[0m?[32mUser click Sign In button on Login Page?[0m                           ?[90m# project.stepsdefinition.LoginStepDefinition.userClickSignInButton()?[0m
  ?[32mAnd ?[0m?[32mUser is on Home Page?[0m                                              ?[90m# project.stepsdefinition.ChangePasswordStepDefinition.userIsOnHomePage()?[0m
  ?[32mAnd ?[0m?[32mUser tap My Account button on Home page?[0m                           ?[90m# project.stepsdefinition.ChangePasswordStepDefinition.userTapMyAccountButtonOnHomePage()?[0m
  ?[32mGiven ?[0m?[32mUser is on My Account page?[0m                                      ?[90m# project.stepsdefinition.ChangePasswordStepDefinition.userIsOnMyAccountPage()?[0m
  ?[32mWhen ?[0m?[32mUser see Email on My Account page?[0m                                ?[90m# project.stepsdefinition.MyAccountStepDefinition.userSeeEmailOnMyAccountPage()?[0m
  ?[32mThen ?[0m?[32mUser validate Email with registered Email ?[0m?[32m?[1m"dananjoyoh@gmail.com"?[0m ?[90m# project.stepsdefinition.MyAccountStepDefinition.userValidateEmailWithRegisteredEmail(java.lang.String)?[0m
  ?[32mGiven ?[0m?[32mUser is on Login Page?[0m                                       ?[90m# project.stepsdefinition.LoginStepDefinition.userIsOnLoginPage()?[0m
  ?[32mAnd ?[0m?[32mUser input phone number ?[0m?[32m?[1m"81394577665"?[0m?[32m on phone number field?[0m   ?[90m# project.stepsdefinition.LoginStepDefinition.userInputPhoneNumberOnPhoneNumberField(java.lang.String)?[0m
  ?[32mAnd ?[0m?[32mUser input password ?[0m?[32m?[1m"P@ssw0rd"?[0m?[32m on password field?[0m              ?[90m# project.stepsdefinition.LoginStepDefinition.userInputPasswordOnPasswordField(java.lang.String)?[0m
  ?[32mAnd ?[0m?[32mUser click Sign In button on Login Page?[0m                       ?[90m# project.stepsdefinition.LoginStepDefinition.userClickSignInButton()?[0m
  ?[32mAnd ?[0m?[32mUser is on Home Page?[0m                                          ?[90m# project.stepsdefinition.ChangePasswordStepDefinition.userIsOnHomePage()?[0m
  ?[32mAnd ?[0m?[32mUser tap My Account button on Home page?[0m                       ?[90m# project.stepsdefinition.ChangePasswordStepDefinition.userTapMyAccountButtonOnHomePage()?[0m
  ?[32mGiven ?[0m?[32mUser is on My Account page?[0m                                  ?[90m# project.stepsdefinition.ChangePasswordStepDefinition.userIsOnMyAccountPage()?[0m
  ?[32mWhen ?[0m?[32mUser see Balance on My Account page?[0m                          ?[90m# project.stepsdefinition.MyAccountStepDefinition.userSeeBalanceOnMyAccountPage()?[0m
  ?[32mThen ?[0m?[32mUser validate Balance with user current Balance ?[0m?[32m?[1m"Rp.133.000"?[0m ?[90m# project.stepsdefinition.MyAccountStepDefinition.userValidateBalanceWithUserCurrentBalance(java.lang.String)?[0m
  ?[32mGiven ?[0m?[32mUser is on Login Page?[0m                                     ?[90m# project.stepsdefinition.LoginStepDefinition.userIsOnLoginPage()?[0m
  ?[32mAnd ?[0m?[32mUser input phone number ?[0m?[32m?[1m"81394577665"?[0m?[32m on phone number field?[0m ?[90m# project.stepsdefinition.LoginStepDefinition.userInputPhoneNumberOnPhoneNumberField(java.lang.String)?[0m
  ?[32mAnd ?[0m?[32mUser input password ?[0m?[32m?[1m"P@ssw0rd"?[0m?[32m on password field?[0m            ?[90m# project.stepsdefinition.LoginStepDefinition.userInputPasswordOnPasswordField(java.lang.String)?[0m
  ?[32mAnd ?[0m?[32mUser click Sign In button on Login Page?[0m                     ?[90m# project.stepsdefinition.LoginStepDefinition.userClickSignInButton()?[0m
  ?[32mAnd ?[0m?[32mUser is on Home Page?[0m                                        ?[90m# project.stepsdefinition.ChangePasswordStepDefinition.userIsOnHomePage()?[0m
  ?[32mAnd ?[0m?[32mUser tap My Account button on Home page?[0m                     ?[90m# project.stepsdefinition.ChangePasswordStepDefinition.userTapMyAccountButtonOnHomePage()?[0m
  ?[32mGiven ?[0m?[32mUser is on My Account page?[0m                                ?[90m# project.stepsdefinition.ChangePasswordStepDefinition.userIsOnMyAccountPage()?[0m
  ?[32mWhen ?[0m?[32mUser tap setting button on My Account page?[0m                 ?[90m# project.stepsdefinition.MyAccountStepDefinition.userTapSettingButtonOnMyAccountPage()?[0m
  ?[31mThen ?[0m?[31mUser see message ?[0m?[31m?[1m"Coming soon!"?[0m?[31m on My Account page?[0m         ?[90m# project.stepsdefinition.MyAccountStepDefinition.userSeeMessageOnMyAccountPage(java.lang.String)?[0m
      ?[31morg.junit.ComparisonFailure: expected:<[Coming soon!]> but was:<[Login success]>
	at org.junit.Assert.assertEquals(Assert.java:117)
	at org.junit.Assert.assertEquals(Assert.java:146)
	at project.stepsdefinition.MyAccountStepDefinition.userSeeMessageOnMyAccountPage(MyAccountStepDefinition.java:89)
	at ✽.User see message "Coming soon!" on My Account page(file:///Users/samburr/IdeaProjects/DANA%20Business%20Project/src/test/resources/features/MyAccount.feature:72)
?[0m

    Embedding null [image/png 114869 bytes]


    scenario Fail

  ?[32mGiven ?[0m?[32mUser is on Login Page?[0m                                     ?[90m# project.stepsdefinition.LoginStepDefinition.userIsOnLoginPage()?[0m
  ?[32mAnd ?[0m?[32mUser input phone number ?[0m?[32m?[1m"81394577665"?[0m?[32m on phone number field?[0m ?[90m# project.stepsdefinition.LoginStepDefinition.userInputPhoneNumberOnPhoneNumberField(java.lang.String)?[0m
  ?[32mAnd ?[0m?[32mUser input password ?[0m?[32m?[1m"P@ssw0rd"?[0m?[32m on password field?[0m            ?[90m# project.stepsdefinition.LoginStepDefinition.userInputPasswordOnPasswordField(java.lang.String)?[0m
  ?[32mAnd ?[0m?[32mUser click Sign In button on Login Page?[0m                     ?[90m# project.stepsdefinition.LoginStepDefinition.userClickSignInButton()?[0m
  ?[32mAnd ?[0m?[32mUser is on Home Page?[0m                                        ?[90m# project.stepsdefinition.ChangePasswordStepDefinition.userIsOnHomePage()?[0m
  ?[32mAnd ?[0m?[32mUser tap My Account button on Home page?[0m                     ?[90m# project.stepsdefinition.ChangePasswordStepDefinition.userTapMyAccountButtonOnHomePage()?[0m
  ?[32mGiven ?[0m?[32mUser is on My Account page?[0m                                ?[90m# project.stepsdefinition.ChangePasswordStepDefinition.userIsOnMyAccountPage()?[0m
  ?[32mWhen ?[0m?[32mUser tap Change Profile button on My Account page?[0m          ?[90m# project.stepsdefinition.MyAccountStepDefinition.userTapChangeProfileButtonOnMyAccountPage()?[0m
  ?[31mThen ?[0m?[31mUser see message ?[0m?[31m?[1m"Coming soon!"?[0m?[31m on My Account page?[0m         ?[90m# project.stepsdefinition.MyAccountStepDefinition.userSeeMessageOnMyAccountPage(java.lang.String)?[0m
      ?[31morg.junit.ComparisonFailure: expected:<[Coming soon!]> but was:<[Login success]>
	at org.junit.Assert.assertEquals(Assert.java:117)
	at org.junit.Assert.assertEquals(Assert.java:146)
	at project.stepsdefinition.MyAccountStepDefinition.userSeeMessageOnMyAccountPage(MyAccountStepDefinition.java:89)
	at ✽.User see message "Coming soon!" on My Account page(file:///Users/samburr/IdeaProjects/DANA%20Business%20Project/src/test/resources/features/MyAccount.feature:78)
?[0m

    Embedding null [image/png 114469 bytes]


    scenario Fail

  ?[32mGiven ?[0m?[32mUser is on Login Page?[0m                                     ?[90m# project.stepsdefinition.LoginStepDefinition.userIsOnLoginPage()?[0m
  ?[32mAnd ?[0m?[32mUser input phone number ?[0m?[32m?[1m"81394577665"?[0m?[32m on phone number field?[0m ?[90m# project.stepsdefinition.LoginStepDefinition.userInputPhoneNumberOnPhoneNumberField(java.lang.String)?[0m
  ?[32mAnd ?[0m?[32mUser input password ?[0m?[32m?[1m"P@ssw0rd"?[0m?[32m on password field?[0m            ?[90m# project.stepsdefinition.LoginStepDefinition.userInputPasswordOnPasswordField(java.lang.String)?[0m
  ?[32mAnd ?[0m?[32mUser click Sign In button on Login Page?[0m                     ?[90m# project.stepsdefinition.LoginStepDefinition.userClickSignInButton()?[0m
  ?[32mAnd ?[0m?[32mUser is on Home Page?[0m                                        ?[90m# project.stepsdefinition.ChangePasswordStepDefinition.userIsOnHomePage()?[0m
  ?[32mAnd ?[0m?[32mUser tap My Account button on Home page?[0m                     ?[90m# project.stepsdefinition.ChangePasswordStepDefinition.userTapMyAccountButtonOnHomePage()?[0m
  ?[32mGiven ?[0m?[32mUser is on My Account page?[0m                                ?[90m# project.stepsdefinition.ChangePasswordStepDefinition.userIsOnMyAccountPage()?[0m
  ?[32mWhen ?[0m?[32mUser tap Change PIN button on My Account page?[0m              ?[90m# project.stepsdefinition.MyAccountStepDefinition.userTapChangePINButtonOnMyAccountPage()?[0m
  ?[31mThen ?[0m?[31mUser see message ?[0m?[31m?[1m"Coming soon!"?[0m?[31m on My Account page?[0m         ?[90m# project.stepsdefinition.MyAccountStepDefinition.userSeeMessageOnMyAccountPage(java.lang.String)?[0m
      ?[31morg.junit.ComparisonFailure: expected:<[Coming soon!]> but was:<[Login success]>
	at org.junit.Assert.assertEquals(Assert.java:117)
	at org.junit.Assert.assertEquals(Assert.java:146)
	at project.stepsdefinition.MyAccountStepDefinition.userSeeMessageOnMyAccountPage(MyAccountStepDefinition.java:89)
	at ✽.User see message "Coming soon!" on My Account page(file:///Users/samburr/IdeaProjects/DANA%20Business%20Project/src/test/resources/features/MyAccount.feature:84)
?[0m

    Embedding null [image/png 114482 bytes]


    scenario Fail


?[31mFailed scenarios:?[0m
?[31mfile:///Users/samburr/IdeaProjects/DANA%20Business%20Project/src/test/resources/features/MyAccount.feature:13?[0m# Go to Change Password page by tapping Change Password button
?[31mfile:///Users/samburr/IdeaProjects/DANA%20Business%20Project/src/test/resources/features/MyAccount.feature:69?[0m# Check setting button for incoming feature
?[31mfile:///Users/samburr/IdeaProjects/DANA%20Business%20Project/src/test/resources/features/MyAccount.feature:75?[0m# Check Change Profile button for incoming feature
?[31mfile:///Users/samburr/IdeaProjects/DANA%20Business%20Project/src/test/resources/features/MyAccount.feature:81?[0m# Check Change PIN button for incoming feature

12 Scenarios (?[31m4 failed?[0m, ?[32m8 passed?[0m)
110 Steps (?[31m4 failed?[0m, ?[32m106 passed?[0m)
3m48.362s


org.openqa.selenium.TimeoutException: Expected condition failed: waiting for presence of element located by: By.id: tvChangePasswordTitle (tried for 10 second(s) with 500 milliseconds interval)
	at org.openqa.selenium.support.ui.WebDriverWait.timeoutException(WebDriverWait.java:95)
	at org.openqa.selenium.support.ui.FluentWait.until(FluentWait.java:272)
	at project.PageFunctions.waitABit(PageFunctions.java:14)
	at project.pages.ChangePasswordPage.onChangePasswordPage(ChangePasswordPage.java:11)
	at project.stepsdefinition.ChangePasswordStepDefinition.userIsOnChangePasswordPage(ChangePasswordStepDefinition.java:39)
	at ✽.User is on Change Password page(file:///Users/samburr/IdeaProjects/DANA%20Business%20Project/src/test/resources/features/MyAccount.feature:16)
Caused by: org.openqa.selenium.NoSuchElementException: An element could not be located on the page using the given search parameters.
For documentation on this error, please visit: https://www.seleniumhq.org/exceptions/no_such_element.html
Build info: version: '3.141.59', revision: 'e82be7d358', time: '2018-11-14T08:17:03'
System info: host: 'dnid0652l01.local', ip: 'fe80:0:0:0:14e4:2137:90fd:c027%en0', os.name: 'Mac OS X', os.arch: 'x86_64', os.version: '10.15.5', java.version: '1.8.0_251'
Driver info: io.appium.java_client.android.AndroidDriver
Capabilities {app: /Users/samburr/IdeaProjects..., appPackage: com.alfikri.rizky.danabusin..., autoGrantPermissions: true, automationName: UiAutomator2, databaseEnabled: false, desired: {app: /Users/samburr/IdeaProjects..., autoGrantPermissions: true, automationName: UiAutomator2, deviceName: device, platformName: android, platformVersion: 6.0, udid: emulator-5554}, deviceApiLevel: 23, deviceManufacturer: unknown, deviceModel: Android SDK built for x86, deviceName: emulator-5554, deviceScreenDensity: 420, deviceScreenSize: 1080x1920, deviceUDID: emulator-5554, javascriptEnabled: true, locationContextEnabled: false, networkConnectionEnabled: true, pixelRatio: 2.625, platform: LINUX, platformName: Android, platformVersion: 6.0, statBarHeight: 63, takesScreenshot: true, udid: emulator-5554, viewportRect: {height: 1731, left: 0, top: 63, width: 1080}, warnings: {}, webStorageEnabled: false}
Session ID: 90226bb6-2f1c-416e-a78b-68a0b0d3c28b
*** Element info: {Using=id, value=tvChangePasswordTitle}
	at sun.reflect.NativeConstructorAccessorImpl.newInstance0(Native Method)
	at sun.reflect.NativeConstructorAccessorImpl.newInstance(NativeConstructorAccessorImpl.java:62)
	at sun.reflect.DelegatingConstructorAccessorImpl.newInstance(DelegatingConstructorAccessorImpl.java:45)
	at java.lang.reflect.Constructor.newInstance(Constructor.java:423)
	at org.openqa.selenium.remote.http.W3CHttpResponseCodec.createException(W3CHttpResponseCodec.java:187)
	at org.openqa.selenium.remote.http.W3CHttpResponseCodec.decode(W3CHttpResponseCodec.java:122)
	at org.openqa.selenium.remote.http.W3CHttpResponseCodec.decode(W3CHttpResponseCodec.java:49)
	at org.openqa.selenium.remote.HttpCommandExecutor.execute(HttpCommandExecutor.java:158)
	at io.appium.java_client.remote.AppiumCommandExecutor.execute(AppiumCommandExecutor.java:239)
	at org.openqa.selenium.remote.RemoteWebDriver.execute(RemoteWebDriver.java:552)
	at io.appium.java_client.DefaultGenericMobileDriver.execute(DefaultGenericMobileDriver.java:41)
	at io.appium.java_client.AppiumDriver.execute(AppiumDriver.java:1)
	at io.appium.java_client.android.AndroidDriver.execute(AndroidDriver.java:1)
	at org.openqa.selenium.remote.RemoteWebDriver.findElement(RemoteWebDriver.java:323)
	at io.appium.java_client.DefaultGenericMobileDriver.findElement(DefaultGenericMobileDriver.java:61)
	at io.appium.java_client.AppiumDriver.findElement(AppiumDriver.java:1)
	at io.appium.java_client.android.AndroidDriver.findElement(AndroidDriver.java:1)
	at org.openqa.selenium.remote.RemoteWebDriver.findElementById(RemoteWebDriver.java:372)
	at io.appium.java_client.DefaultGenericMobileDriver.findElementById(DefaultGenericMobileDriver.java:69)
	at io.appium.java_client.AppiumDriver.findElementById(AppiumDriver.java:1)
	at io.appium.java_client.android.AndroidDriver.findElementById(AndroidDriver.java:1)
	at org.openqa.selenium.By$ById.findElement(By.java:188)
	at org.openqa.selenium.remote.RemoteWebDriver.findElement(RemoteWebDriver.java:315)
	at io.appium.java_client.DefaultGenericMobileDriver.findElement(DefaultGenericMobileDriver.java:57)
	at io.appium.java_client.AppiumDriver.findElement(AppiumDriver.java:1)
	at io.appium.java_client.android.AndroidDriver.findElement(AndroidDriver.java:1)
	at org.openqa.selenium.support.ui.ExpectedConditions$6.apply(ExpectedConditions.java:182)
	at org.openqa.selenium.support.ui.ExpectedConditions$6.apply(ExpectedConditions.java:179)
	at org.openqa.selenium.support.ui.FluentWait.until(FluentWait.java:249)
	at project.PageFunctions.waitABit(PageFunctions.java:14)
	at project.pages.ChangePasswordPage.onChangePasswordPage(ChangePasswordPage.java:11)
	at project.stepsdefinition.ChangePasswordStepDefinition.userIsOnChangePasswordPage(ChangePasswordStepDefinition.java:39)
	at sun.reflect.NativeMethodAccessorImpl.invoke0(Native Method)
	at sun.reflect.NativeMethodAccessorImpl.invoke(NativeMethodAccessorImpl.java:62)
	at sun.reflect.DelegatingMethodAccessorImpl.invoke(DelegatingMethodAccessorImpl.java:43)
	at java.lang.reflect.Method.invoke(Method.java:498)
	at io.cucumber.java.Invoker.invoke(Invoker.java:27)
	at io.cucumber.java.JavaStepDefinition.execute(JavaStepDefinition.java:27)
	at io.cucumber.core.runner.PickleStepDefinitionMatch.runStep(PickleStepDefinitionMatch.java:63)
	at io.cucumber.core.runner.TestStep.executeStep(TestStep.java:64)
	at io.cucumber.core.runner.TestStep.run(TestStep.java:49)
	at io.cucumber.core.runner.PickleStepTestStep.run(PickleStepTestStep.java:46)
	at io.cucumber.core.runner.TestCase.run(TestCase.java:51)
	at io.cucumber.core.runner.Runner.runPickle(Runner.java:67)
	at io.cucumber.junit.PickleRunners$WithStepDescriptions.run(PickleRunners.java:100)
	at io.cucumber.junit.FeatureRunner.runChild(FeatureRunner.java:83)
	at io.cucumber.junit.FeatureRunner.runChild(FeatureRunner.java:24)
	at org.junit.runners.ParentRunner$4.run(ParentRunner.java:331)
	at org.junit.runners.ParentRunner$1.schedule(ParentRunner.java:79)
	at org.junit.runners.ParentRunner.runChildren(ParentRunner.java:329)
	at org.junit.runners.ParentRunner.access$100(ParentRunner.java:66)
	at org.junit.runners.ParentRunner$2.evaluate(ParentRunner.java:293)
	at org.junit.runners.ParentRunner$3.evaluate(ParentRunner.java:306)
	at org.junit.runners.ParentRunner.run(ParentRunner.java:413)
	at io.cucumber.junit.Cucumber.runChild(Cucumber.java:185)
	at io.cucumber.junit.Cucumber.runChild(Cucumber.java:83)
	at org.junit.runners.ParentRunner$4.run(ParentRunner.java:331)
	at org.junit.runners.ParentRunner$1.schedule(ParentRunner.java:79)
	at org.junit.runners.ParentRunner.runChildren(ParentRunner.java:329)
	at org.junit.runners.ParentRunner.access$100(ParentRunner.java:66)
	at org.junit.runners.ParentRunner$2.evaluate(ParentRunner.java:293)
	at io.cucumber.junit.Cucumber$RunCucumber.evaluate(Cucumber.java:219)
	at org.junit.runners.ParentRunner$3.evaluate(ParentRunner.java:306)
	at org.junit.runners.ParentRunner.run(ParentRunner.java:413)
	at org.gradle.api.internal.tasks.testing.junit.JUnitTestClassExecutor.runTestClass(JUnitTestClassExecutor.java:110)
	at org.gradle.api.internal.tasks.testing.junit.JUnitTestClassExecutor.execute(JUnitTestClassExecutor.java:58)
	at org.gradle.api.internal.tasks.testing.junit.JUnitTestClassExecutor.execute(JUnitTestClassExecutor.java:38)
	at org.gradle.api.internal.tasks.testing.junit.AbstractJUnitTestClassProcessor.processTestClass(AbstractJUnitTestClassProcessor.java:62)
	at org.gradle.api.internal.tasks.testing.SuiteTestClassProcessor.processTestClass(SuiteTestClassProcessor.java:51)
	at sun.reflect.NativeMethodAccessorImpl.invoke0(Native Method)
	at sun.reflect.NativeMethodAccessorImpl.invoke(NativeMethodAccessorImpl.java:62)
	at sun.reflect.DelegatingMethodAccessorImpl.invoke(DelegatingMethodAccessorImpl.java:43)
	at java.lang.reflect.Method.invoke(Method.java:498)
	at org.gradle.internal.dispatch.ReflectionDispatch.dispatch(ReflectionDispatch.java:35)
	at org.gradle.internal.dispatch.ReflectionDispatch.dispatch(ReflectionDispatch.java:24)
	at org.gradle.internal.dispatch.ContextClassLoaderDispatch.dispatch(ContextClassLoaderDispatch.java:32)
	at org.gradle.internal.dispatch.ProxyDispatchAdapter$DispatchingInvocationHandler.invoke(ProxyDispatchAdapter.java:93)
	at com.sun.proxy.$Proxy2.processTestClass(Unknown Source)
	at org.gradle.api.internal.tasks.testing.worker.TestWorker.processTestClass(TestWorker.java:118)
	at sun.reflect.NativeMethodAccessorImpl.invoke0(Native Method)
	at sun.reflect.NativeMethodAccessorImpl.invoke(NativeMethodAccessorImpl.java:62)
	at sun.reflect.DelegatingMethodAccessorImpl.invoke(DelegatingMethodAccessorImpl.java:43)
	at java.lang.reflect.Method.invoke(Method.java:498)
	at org.gradle.internal.dispatch.ReflectionDispatch.dispatch(ReflectionDispatch.java:35)
	at org.gradle.internal.dispatch.ReflectionDispatch.dispatch(ReflectionDispatch.java:24)
	at org.gradle.internal.remote.internal.hub.MessageHubBackedObjectConnection$DispatchWrapper.dispatch(MessageHubBackedObjectConnection.java:175)
	at org.gradle.internal.remote.internal.hub.MessageHubBackedObjectConnection$DispatchWrapper.dispatch(MessageHubBackedObjectConnection.java:157)
	at org.gradle.internal.remote.internal.hub.MessageHub$Handler.run(MessageHub.java:404)
	at org.gradle.internal.concurrent.ExecutorPolicy$CatchAndRecordFailures.onExecute(ExecutorPolicy.java:63)
	at org.gradle.internal.concurrent.ManagedExecutorImpl$1.run(ManagedExecutorImpl.java:46)
	at java.util.concurrent.ThreadPoolExecutor.runWorker(ThreadPoolExecutor.java:1149)
	at java.util.concurrent.ThreadPoolExecutor$Worker.run(ThreadPoolExecutor.java:624)
	at org.gradle.internal.concurrent.ThreadFactoryImpl$ManagedThreadRunnable.run(ThreadFactoryImpl.java:55)
	at java.lang.Thread.run(Thread.java:748)

org.junit.ComparisonFailure: expected:<[Coming soon!]> but was:<[Login success]>
	at org.junit.Assert.assertEquals(Assert.java:117)
	at org.junit.Assert.assertEquals(Assert.java:146)
	at project.stepsdefinition.MyAccountStepDefinition.userSeeMessageOnMyAccountPage(MyAccountStepDefinition.java:89)
	at ✽.User see message "Coming soon!" on My Account page(file:///Users/samburr/IdeaProjects/DANA%20Business%20Project/src/test/resources/features/MyAccount.feature:72)

org.junit.ComparisonFailure: expected:<[Coming soon!]> but was:<[Login success]>
	at org.junit.Assert.assertEquals(Assert.java:117)
	at org.junit.Assert.assertEquals(Assert.java:146)
	at project.stepsdefinition.MyAccountStepDefinition.userSeeMessageOnMyAccountPage(MyAccountStepDefinition.java:89)
	at ✽.User see message "Coming soon!" on My Account page(file:///Users/samburr/IdeaProjects/DANA%20Business%20Project/src/test/resources/features/MyAccount.feature:78)

org.junit.ComparisonFailure: expected:<[Coming soon!]> but was:<[Login success]>
	at org.junit.Assert.assertEquals(Assert.java:117)
	at org.junit.Assert.assertEquals(Assert.java:146)
	at project.stepsdefinition.MyAccountStepDefinition.userSeeMessageOnMyAccountPage(MyAccountStepDefinition.java:89)
	at ✽.User see message "Coming soon!" on My Account page(file:///Users/samburr/IdeaProjects/DANA%20Business%20Project/src/test/resources/features/MyAccount.feature:84)


]]></system-out>
  <system-err><![CDATA[Jun 24, 2020 7:20:44 PM io.cucumber.core.options.CucumberPropertiesParser parse
WARNING: Passing commandline options via the property `cucumber.options` has been deprecatedin favour of explicitly using property names.
Please use these instead: [cucumber.ansi-colors.disabled, cucumber.execution.dry-run, cucumber.execution.limit, cucumber.execution.order, cucumber.execution.strict, cucumber.execution.wip, cucumber.features, cucumber.filter.name, cucumber.filter.tags, cucumber.glue, cucumber.object-factory, cucumber.plugin, cucumber.snippet-type]
Jun 24, 2020 7:20:44 PM io.cucumber.junit.Cucumber <init>
WARNING: By default Cucumber is running in --non-strict mode.
This default will change to --strict and --non-strict will be removed.
You can use --strict or @CucumberOptions(strict = true) to suppress this warning
]]></system-err>
</testsuite>
