<?xml version="1.0" encoding="UTF-8"?>
<testsuite name="13. user login with prefix 62 phone number but correct password" tests="6" skipped="0" failures="0" errors="0" timestamp="2020-06-22T15:02:34" hostname="dnid0666l01.local" time="16.444">
  <properties/>
  <testcase name="User is on Login Page" classname="13. user login with prefix 62 phone number but correct password" time="1.005"/>
  <testcase name="User input phone number &quot;62813000000&quot; on phone number field" classname="13. user login with prefix 62 phone number but correct password" time="12.762"/>
  <testcase name="User input password &quot;P@ssw0rd&quot; on password field" classname="13. user login with prefix 62 phone number but correct password" time="1.445"/>
  <testcase name="User cannot click Sign In button on Login Page" classname="13. user login with prefix 62 phone number but correct password" time="0.67"/>
  <testcase name="User see error message &quot;Wrong Phone Number format! Must starts with 8, contains numbers and 9 – 12 digits!&quot;" classname="13. user login with prefix 62 phone number but correct password" time="0.083"/>
  <testcase name="classMethod" classname="13. user login with prefix 62 phone number but correct password" time="32.769"/>
  <system-out><![CDATA[
@Login @Invalid
Scenario: 13. user login with prefix 62 phone number but correct password                                          ?[90m# src/test/resources/features/Login.feature:76?[0m
]]></system-out>
  <system-err><![CDATA[Jun 22, 2020 10:02:34 PM io.appium.java_client.remote.AppiumCommandExecutor$1 lambda$0
INFO: Detected dialect: W3C
]]></system-err>
</testsuite>
