<?xml version="1.0" encoding="UTF-8"?>
<testsuite name="project.CucumberRunner" tests="0" skipped="0" failures="0" errors="0" timestamp="1970-01-01T00:00:00" hostname="dnid0666l01.local" time="0.0">
  <properties/>
  <system-out><![CDATA[  ?[32mGiven ?[0m?[32mUser is on Login Page?[0m                                      ?[90m# project.stepsdefinition.LoginStepDefinition.userIsOnLoginPage()?[0m
  ?[32mWhen ?[0m?[32mUser input phone number ?[0m?[32m?[1m"81394577665"?[0m?[32m on phone number field?[0m ?[90m# project.stepsdefinition.LoginStepDefinition.userInputPhoneNumberOnPhoneNumberField(java.lang.String)?[0m
  ?[32mAnd ?[0m?[32mUser input password ?[0m?[32m?[1m"P@ssw0rd"?[0m?[32m on password field?[0m             ?[90m# project.stepsdefinition.LoginStepDefinition.userInputPasswordOnPasswordField(java.lang.String)?[0m
  ?[32mAnd ?[0m?[32mUser click Sign In button on Login Page?[0m                      ?[90m# project.stepsdefinition.LoginStepDefinition.userClickSignInButton()?[0m
  ?[32mThen ?[0m?[32mUser directed to Home Page?[0m                                  ?[90m# project.stepsdefinition.LoginStepDefinition.userDirectedToHomePage()?[0m
  ?[32mGiven ?[0m?[32mUser is on Login Page?[0m                                            ?[90m# project.stepsdefinition.LoginStepDefinition.userIsOnLoginPage()?[0m
  ?[32mWhen ?[0m?[32mUser input phone number ?[0m?[32m?[1m"81394577665"?[0m?[32m on phone number field?[0m       ?[90m# project.stepsdefinition.LoginStepDefinition.userInputPhoneNumberOnPhoneNumberField(java.lang.String)?[0m
  ?[32mAnd ?[0m?[32mUser input password ?[0m?[32m?[1m"P@ssword123"?[0m?[32m on password field?[0m                ?[90m# project.stepsdefinition.LoginStepDefinition.userInputPasswordOnPasswordField(java.lang.String)?[0m
  ?[32mAnd ?[0m?[32mUser click Sign In button on Login Page?[0m                            ?[90m# project.stepsdefinition.LoginStepDefinition.userClickSignInButton()?[0m
  ?[31mThen ?[0m?[31mUser see error message ?[0m?[31m?[1m"Invalid Phone Number or Password"?[0m         ?[90m# project.stepsdefinition.LoginStepDefinition.userSeeErrorMessage(java.lang.String)?[0m
      ?[31morg.openqa.selenium.TimeoutException: Expected condition failed: waiting for presence of element located by: By.id: textinput_error (tried for 50 second(s) with 500 milliseconds interval)
	at org.openqa.selenium.support.ui.WebDriverWait.timeoutException(WebDriverWait.java:95)
	at org.openqa.selenium.support.ui.FluentWait.until(FluentWait.java:272)
	at project.PageFunctions.waitABit(PageFunctions.java:14)
	at project.pages.LoginPage.checkWarningText(LoginPage.java:34)
	at project.stepsdefinition.LoginStepDefinition.userSeeErrorMessage(LoginStepDefinition.java:45)
	at ✽.User see error message "Invalid Phone Number or Password"(file:///Users/chenr/IdeaProjects/DANA-Business-Project/src/test/resources/features/Login.feature:19)
Caused by: org.openqa.selenium.NoSuchElementException: An element could not be located on the page using the given search parameters.
For documentation on this error, please visit: https://www.seleniumhq.org/exceptions/no_such_element.html
Build info: version: '3.141.59', revision: 'e82be7d358', time: '2018-11-14T08:17:03'
System info: host: 'dnid0666l01.local', ip: 'fe80:0:0:0:104e:4346:c63d:a4b7%en0', os.name: 'Mac OS X', os.arch: 'x86_64', os.version: '10.15.4', java.version: '1.8.0_251'
Driver info: io.appium.java_client.android.AndroidDriver
Capabilities {app: /Users/chenr/IdeaProjects/D..., appPackage: com.alfikri.rizky.danabusin..., autoGrantPermissions: true, automationName: UiAutomator2, databaseEnabled: false, desired: {app: /Users/chenr/IdeaProjects/D..., autoGrantPermissions: true, automationName: UiAutomator2, deviceName: device, platformName: android, platformVersion: 6.0, udid: emulator-5554}, deviceApiLevel: 23, deviceManufacturer: unknown, deviceModel: Android SDK built for x86, deviceName: emulator-5554, deviceScreenDensity: 420, deviceScreenSize: 1080x1920, deviceUDID: emulator-5554, javascriptEnabled: true, locationContextEnabled: false, networkConnectionEnabled: true, pixelRatio: 2.625, platform: LINUX, platformName: Android, platformVersion: 6.0, statBarHeight: 63, takesScreenshot: true, udid: emulator-5554, viewportRect: {height: 1731, left: 0, top: 63, width: 1080}, warnings: {}, webStorageEnabled: false}
Session ID: e840de51-c203-49de-ab0b-6ec8e78bc223
*** Element info: {Using=id, value=textinput_error}
	at sun.reflect.NativeConstructorAccessorImpl.newInstance0(Native Method)
	at sun.reflect.NativeConstructorAccessorImpl.newInstance(NativeConstructorAccessorImpl.java:62)
	at sun.reflect.DelegatingConstructorAccessorImpl.newInstance(DelegatingConstructorAccessorImpl.java:45)
	at java.lang.reflect.Constructor.newInstance(Constructor.java:423)
	at org.openqa.selenium.remote.http.W3CHttpResponseCodec.createException(W3CHttpResponseCodec.java:187)
	at org.openqa.selenium.remote.http.W3CHttpResponseCodec.decode(W3CHttpResponseCodec.java:122)
	at org.openqa.selenium.remote.http.W3CHttpResponseCodec.decode(W3CHttpResponseCodec.java:49)
	at org.openqa.selenium.remote.HttpCommandExecutor.execute(HttpCommandExecutor.java:158)
	at io.appium.java_client.remote.AppiumCommandExecutor.execute(AppiumCommandExecutor.java:239)
	at org.openqa.selenium.remote.RemoteWebDriver.execute(RemoteWebDriver.java:552)
	at io.appium.java_client.DefaultGenericMobileDriver.execute(DefaultGenericMobileDriver.java:41)
	at io.appium.java_client.AppiumDriver.execute(AppiumDriver.java:1)
	at io.appium.java_client.android.AndroidDriver.execute(AndroidDriver.java:1)
	at org.openqa.selenium.remote.RemoteWebDriver.findElement(RemoteWebDriver.java:323)
	at io.appium.java_client.DefaultGenericMobileDriver.findElement(DefaultGenericMobileDriver.java:61)
	at io.appium.java_client.AppiumDriver.findElement(AppiumDriver.java:1)
	at io.appium.java_client.android.AndroidDriver.findElement(AndroidDriver.java:1)
	at org.openqa.selenium.remote.RemoteWebDriver.findElementById(RemoteWebDriver.java:372)
	at io.appium.java_client.DefaultGenericMobileDriver.findElementById(DefaultGenericMobileDriver.java:69)
	at io.appium.java_client.AppiumDriver.findElementById(AppiumDriver.java:1)
	at io.appium.java_client.android.AndroidDriver.findElementById(AndroidDriver.java:1)
	at org.openqa.selenium.By$ById.findElement(By.java:188)
	at org.openqa.selenium.remote.RemoteWebDriver.findElement(RemoteWebDriver.java:315)
	at io.appium.java_client.DefaultGenericMobileDriver.findElement(DefaultGenericMobileDriver.java:57)
	at io.appium.java_client.AppiumDriver.findElement(AppiumDriver.java:1)
	at io.appium.java_client.android.AndroidDriver.findElement(AndroidDriver.java:1)
	at org.openqa.selenium.support.ui.ExpectedConditions$6.apply(ExpectedConditions.java:182)
	at org.openqa.selenium.support.ui.ExpectedConditions$6.apply(ExpectedConditions.java:179)
	at org.openqa.selenium.support.ui.FluentWait.until(FluentWait.java:249)
	at project.PageFunctions.waitABit(PageFunctions.java:14)
	at project.pages.LoginPage.checkWarningText(LoginPage.java:34)
	at project.stepsdefinition.LoginStepDefinition.userSeeErrorMessage(LoginStepDefinition.java:45)
	at sun.reflect.NativeMethodAccessorImpl.invoke0(Native Method)
	at sun.reflect.NativeMethodAccessorImpl.invoke(NativeMethodAccessorImpl.java:62)
	at sun.reflect.DelegatingMethodAccessorImpl.invoke(DelegatingMethodAccessorImpl.java:43)
	at java.lang.reflect.Method.invoke(Method.java:498)
	at io.cucumber.java.Invoker.invoke(Invoker.java:27)
	at io.cucumber.java.JavaStepDefinition.execute(JavaStepDefinition.java:27)
	at io.cucumber.core.runner.PickleStepDefinitionMatch.runStep(PickleStepDefinitionMatch.java:63)
	at io.cucumber.core.runner.TestStep.executeStep(TestStep.java:64)
	at io.cucumber.core.runner.TestStep.run(TestStep.java:49)
	at io.cucumber.core.runner.PickleStepTestStep.run(PickleStepTestStep.java:46)
	at io.cucumber.core.runner.TestCase.run(TestCase.java:51)
	at io.cucumber.core.runner.Runner.runPickle(Runner.java:67)
	at io.cucumber.junit.PickleRunners$WithStepDescriptions.run(PickleRunners.java:100)
	at io.cucumber.junit.FeatureRunner.runChild(FeatureRunner.java:83)
	at io.cucumber.junit.FeatureRunner.runChild(FeatureRunner.java:24)
	at org.junit.runners.ParentRunner$4.run(ParentRunner.java:331)
	at org.junit.runners.ParentRunner$1.schedule(ParentRunner.java:79)
	at org.junit.runners.ParentRunner.runChildren(ParentRunner.java:329)
	at org.junit.runners.ParentRunner.access$100(ParentRunner.java:66)
	at org.junit.runners.ParentRunner$2.evaluate(ParentRunner.java:293)
	at org.junit.runners.ParentRunner$3.evaluate(ParentRunner.java:306)
	at org.junit.runners.ParentRunner.run(ParentRunner.java:413)
	at io.cucumber.junit.Cucumber.runChild(Cucumber.java:185)
	at io.cucumber.junit.Cucumber.runChild(Cucumber.java:83)
	at org.junit.runners.ParentRunner$4.run(ParentRunner.java:331)
	at org.junit.runners.ParentRunner$1.schedule(ParentRunner.java:79)
	at org.junit.runners.ParentRunner.runChildren(ParentRunner.java:329)
	at org.junit.runners.ParentRunner.access$100(ParentRunner.java:66)
	at org.junit.runners.ParentRunner$2.evaluate(ParentRunner.java:293)
	at io.cucumber.junit.Cucumber$RunCucumber.evaluate(Cucumber.java:219)
	at org.junit.runners.ParentRunner$3.evaluate(ParentRunner.java:306)
	at org.junit.runners.ParentRunner.run(ParentRunner.java:413)
	at org.gradle.api.internal.tasks.testing.junit.JUnitTestClassExecutor.runTestClass(JUnitTestClassExecutor.java:110)
	at org.gradle.api.internal.tasks.testing.junit.JUnitTestClassExecutor.execute(JUnitTestClassExecutor.java:58)
	at org.gradle.api.internal.tasks.testing.junit.JUnitTestClassExecutor.execute(JUnitTestClassExecutor.java:38)
	at org.gradle.api.internal.tasks.testing.junit.AbstractJUnitTestClassProcessor.processTestClass(AbstractJUnitTestClassProcessor.java:62)
	at org.gradle.api.internal.tasks.testing.SuiteTestClassProcessor.processTestClass(SuiteTestClassProcessor.java:51)
	at sun.reflect.NativeMethodAccessorImpl.invoke0(Native Method)
	at sun.reflect.NativeMethodAccessorImpl.invoke(NativeMethodAccessorImpl.java:62)
	at sun.reflect.DelegatingMethodAccessorImpl.invoke(DelegatingMethodAccessorImpl.java:43)
	at java.lang.reflect.Method.invoke(Method.java:498)
	at org.gradle.internal.dispatch.ReflectionDispatch.dispatch(ReflectionDispatch.java:35)
	at org.gradle.internal.dispatch.ReflectionDispatch.dispatch(ReflectionDispatch.java:24)
	at org.gradle.internal.dispatch.ContextClassLoaderDispatch.dispatch(ContextClassLoaderDispatch.java:32)
	at org.gradle.internal.dispatch.ProxyDispatchAdapter$DispatchingInvocationHandler.invoke(ProxyDispatchAdapter.java:93)
	at com.sun.proxy.$Proxy2.processTestClass(Unknown Source)
	at org.gradle.api.internal.tasks.testing.worker.TestWorker.processTestClass(TestWorker.java:118)
	at sun.reflect.NativeMethodAccessorImpl.invoke0(Native Method)
	at sun.reflect.NativeMethodAccessorImpl.invoke(NativeMethodAccessorImpl.java:62)
	at sun.reflect.DelegatingMethodAccessorImpl.invoke(DelegatingMethodAccessorImpl.java:43)
	at java.lang.reflect.Method.invoke(Method.java:498)
	at org.gradle.internal.dispatch.ReflectionDispatch.dispatch(ReflectionDispatch.java:35)
	at org.gradle.internal.dispatch.ReflectionDispatch.dispatch(ReflectionDispatch.java:24)
	at org.gradle.internal.remote.internal.hub.MessageHubBackedObjectConnection$DispatchWrapper.dispatch(MessageHubBackedObjectConnection.java:175)
	at org.gradle.internal.remote.internal.hub.MessageHubBackedObjectConnection$DispatchWrapper.dispatch(MessageHubBackedObjectConnection.java:157)
	at org.gradle.internal.remote.internal.hub.MessageHub$Handler.run(MessageHub.java:404)
	at org.gradle.internal.concurrent.ExecutorPolicy$CatchAndRecordFailures.onExecute(ExecutorPolicy.java:63)
	at org.gradle.internal.concurrent.ManagedExecutorImpl$1.run(ManagedExecutorImpl.java:46)
	at java.util.concurrent.ThreadPoolExecutor.runWorker(ThreadPoolExecutor.java:1149)
	at java.util.concurrent.ThreadPoolExecutor$Worker.run(ThreadPoolExecutor.java:624)
	at org.gradle.internal.concurrent.ThreadFactoryImpl$ManagedThreadRunnable.run(ThreadFactoryImpl.java:55)
	at java.lang.Thread.run(Thread.java:748)
?[0m

    Embedding null [image/png 116674 bytes]


    scenario Fail

  ?[32mGiven ?[0m?[32mUser is on Login Page?[0m                                            ?[90m# project.stepsdefinition.LoginStepDefinition.userIsOnLoginPage()?[0m
  ?[32mWhen ?[0m?[32mUser input phone number ?[0m?[32m?[1m"81394577000"?[0m?[32m on phone number field?[0m       ?[90m# project.stepsdefinition.LoginStepDefinition.userInputPhoneNumberOnPhoneNumberField(java.lang.String)?[0m
  ?[32mAnd ?[0m?[32mUser input password ?[0m?[32m?[1m"P@ssw0rd"?[0m?[32m on password field?[0m                   ?[90m# project.stepsdefinition.LoginStepDefinition.userInputPasswordOnPasswordField(java.lang.String)?[0m
  ?[32mAnd ?[0m?[32mUser click Sign In button on Login Page?[0m                            ?[90m# project.stepsdefinition.LoginStepDefinition.userClickSignInButton()?[0m
  ?[31mThen ?[0m?[31mUser see error message ?[0m?[31m?[1m"Invalid Phone Number or Password"?[0m         ?[90m# project.stepsdefinition.LoginStepDefinition.userSeeErrorMessage(java.lang.String)?[0m
      ?[31morg.openqa.selenium.TimeoutException: Expected condition failed: waiting for presence of element located by: By.id: textinput_error (tried for 50 second(s) with 500 milliseconds interval)
	at org.openqa.selenium.support.ui.WebDriverWait.timeoutException(WebDriverWait.java:95)
	at org.openqa.selenium.support.ui.FluentWait.until(FluentWait.java:272)
	at project.PageFunctions.waitABit(PageFunctions.java:14)
	at project.pages.LoginPage.checkWarningText(LoginPage.java:34)
	at project.stepsdefinition.LoginStepDefinition.userSeeErrorMessage(LoginStepDefinition.java:45)
	at ✽.User see error message "Invalid Phone Number or Password"(file:///Users/chenr/IdeaProjects/DANA-Business-Project/src/test/resources/features/Login.feature:26)
Caused by: org.openqa.selenium.NoSuchElementException: An element could not be located on the page using the given search parameters.
For documentation on this error, please visit: https://www.seleniumhq.org/exceptions/no_such_element.html
Build info: version: '3.141.59', revision: 'e82be7d358', time: '2018-11-14T08:17:03'
System info: host: 'dnid0666l01.local', ip: 'fe80:0:0:0:104e:4346:c63d:a4b7%en0', os.name: 'Mac OS X', os.arch: 'x86_64', os.version: '10.15.4', java.version: '1.8.0_251'
Driver info: io.appium.java_client.android.AndroidDriver
Capabilities {app: /Users/chenr/IdeaProjects/D..., appPackage: com.alfikri.rizky.danabusin..., autoGrantPermissions: true, automationName: UiAutomator2, databaseEnabled: false, desired: {app: /Users/chenr/IdeaProjects/D..., autoGrantPermissions: true, automationName: UiAutomator2, deviceName: device, platformName: android, platformVersion: 6.0, udid: emulator-5554}, deviceApiLevel: 23, deviceManufacturer: unknown, deviceModel: Android SDK built for x86, deviceName: emulator-5554, deviceScreenDensity: 420, deviceScreenSize: 1080x1920, deviceUDID: emulator-5554, javascriptEnabled: true, locationContextEnabled: false, networkConnectionEnabled: true, pixelRatio: 2.625, platform: LINUX, platformName: Android, platformVersion: 6.0, statBarHeight: 63, takesScreenshot: true, udid: emulator-5554, viewportRect: {height: 1731, left: 0, top: 63, width: 1080}, warnings: {}, webStorageEnabled: false}
Session ID: e71fe519-961e-462e-8d3a-2bbd9d3f8649
*** Element info: {Using=id, value=textinput_error}
	at sun.reflect.NativeConstructorAccessorImpl.newInstance0(Native Method)
	at sun.reflect.NativeConstructorAccessorImpl.newInstance(NativeConstructorAccessorImpl.java:62)
	at sun.reflect.DelegatingConstructorAccessorImpl.newInstance(DelegatingConstructorAccessorImpl.java:45)
	at java.lang.reflect.Constructor.newInstance(Constructor.java:423)
	at org.openqa.selenium.remote.http.W3CHttpResponseCodec.createException(W3CHttpResponseCodec.java:187)
	at org.openqa.selenium.remote.http.W3CHttpResponseCodec.decode(W3CHttpResponseCodec.java:122)
	at org.openqa.selenium.remote.http.W3CHttpResponseCodec.decode(W3CHttpResponseCodec.java:49)
	at org.openqa.selenium.remote.HttpCommandExecutor.execute(HttpCommandExecutor.java:158)
	at io.appium.java_client.remote.AppiumCommandExecutor.execute(AppiumCommandExecutor.java:239)
	at org.openqa.selenium.remote.RemoteWebDriver.execute(RemoteWebDriver.java:552)
	at io.appium.java_client.DefaultGenericMobileDriver.execute(DefaultGenericMobileDriver.java:41)
	at io.appium.java_client.AppiumDriver.execute(AppiumDriver.java:1)
	at io.appium.java_client.android.AndroidDriver.execute(AndroidDriver.java:1)
	at org.openqa.selenium.remote.RemoteWebDriver.findElement(RemoteWebDriver.java:323)
	at io.appium.java_client.DefaultGenericMobileDriver.findElement(DefaultGenericMobileDriver.java:61)
	at io.appium.java_client.AppiumDriver.findElement(AppiumDriver.java:1)
	at io.appium.java_client.android.AndroidDriver.findElement(AndroidDriver.java:1)
	at org.openqa.selenium.remote.RemoteWebDriver.findElementById(RemoteWebDriver.java:372)
	at io.appium.java_client.DefaultGenericMobileDriver.findElementById(DefaultGenericMobileDriver.java:69)
	at io.appium.java_client.AppiumDriver.findElementById(AppiumDriver.java:1)
	at io.appium.java_client.android.AndroidDriver.findElementById(AndroidDriver.java:1)
	at org.openqa.selenium.By$ById.findElement(By.java:188)
	at org.openqa.selenium.remote.RemoteWebDriver.findElement(RemoteWebDriver.java:315)
	at io.appium.java_client.DefaultGenericMobileDriver.findElement(DefaultGenericMobileDriver.java:57)
	at io.appium.java_client.AppiumDriver.findElement(AppiumDriver.java:1)
	at io.appium.java_client.android.AndroidDriver.findElement(AndroidDriver.java:1)
	at org.openqa.selenium.support.ui.ExpectedConditions$6.apply(ExpectedConditions.java:182)
	at org.openqa.selenium.support.ui.ExpectedConditions$6.apply(ExpectedConditions.java:179)
	at org.openqa.selenium.support.ui.FluentWait.until(FluentWait.java:249)
	at project.PageFunctions.waitABit(PageFunctions.java:14)
	at project.pages.LoginPage.checkWarningText(LoginPage.java:34)
	at project.stepsdefinition.LoginStepDefinition.userSeeErrorMessage(LoginStepDefinition.java:45)
	at sun.reflect.NativeMethodAccessorImpl.invoke0(Native Method)
	at sun.reflect.NativeMethodAccessorImpl.invoke(NativeMethodAccessorImpl.java:62)
	at sun.reflect.DelegatingMethodAccessorImpl.invoke(DelegatingMethodAccessorImpl.java:43)
	at java.lang.reflect.Method.invoke(Method.java:498)
	at io.cucumber.java.Invoker.invoke(Invoker.java:27)
	at io.cucumber.java.JavaStepDefinition.execute(JavaStepDefinition.java:27)
	at io.cucumber.core.runner.PickleStepDefinitionMatch.runStep(PickleStepDefinitionMatch.java:63)
	at io.cucumber.core.runner.TestStep.executeStep(TestStep.java:64)
	at io.cucumber.core.runner.TestStep.run(TestStep.java:49)
	at io.cucumber.core.runner.PickleStepTestStep.run(PickleStepTestStep.java:46)
	at io.cucumber.core.runner.TestCase.run(TestCase.java:51)
	at io.cucumber.core.runner.Runner.runPickle(Runner.java:67)
	at io.cucumber.junit.PickleRunners$WithStepDescriptions.run(PickleRunners.java:100)
	at io.cucumber.junit.FeatureRunner.runChild(FeatureRunner.java:83)
	at io.cucumber.junit.FeatureRunner.runChild(FeatureRunner.java:24)
	at org.junit.runners.ParentRunner$4.run(ParentRunner.java:331)
	at org.junit.runners.ParentRunner$1.schedule(ParentRunner.java:79)
	at org.junit.runners.ParentRunner.runChildren(ParentRunner.java:329)
	at org.junit.runners.ParentRunner.access$100(ParentRunner.java:66)
	at org.junit.runners.ParentRunner$2.evaluate(ParentRunner.java:293)
	at org.junit.runners.ParentRunner$3.evaluate(ParentRunner.java:306)
	at org.junit.runners.ParentRunner.run(ParentRunner.java:413)
	at io.cucumber.junit.Cucumber.runChild(Cucumber.java:185)
	at io.cucumber.junit.Cucumber.runChild(Cucumber.java:83)
	at org.junit.runners.ParentRunner$4.run(ParentRunner.java:331)
	at org.junit.runners.ParentRunner$1.schedule(ParentRunner.java:79)
	at org.junit.runners.ParentRunner.runChildren(ParentRunner.java:329)
	at org.junit.runners.ParentRunner.access$100(ParentRunner.java:66)
	at org.junit.runners.ParentRunner$2.evaluate(ParentRunner.java:293)
	at io.cucumber.junit.Cucumber$RunCucumber.evaluate(Cucumber.java:219)
	at org.junit.runners.ParentRunner$3.evaluate(ParentRunner.java:306)
	at org.junit.runners.ParentRunner.run(ParentRunner.java:413)
	at org.gradle.api.internal.tasks.testing.junit.JUnitTestClassExecutor.runTestClass(JUnitTestClassExecutor.java:110)
	at org.gradle.api.internal.tasks.testing.junit.JUnitTestClassExecutor.execute(JUnitTestClassExecutor.java:58)
	at org.gradle.api.internal.tasks.testing.junit.JUnitTestClassExecutor.execute(JUnitTestClassExecutor.java:38)
	at org.gradle.api.internal.tasks.testing.junit.AbstractJUnitTestClassProcessor.processTestClass(AbstractJUnitTestClassProcessor.java:62)
	at org.gradle.api.internal.tasks.testing.SuiteTestClassProcessor.processTestClass(SuiteTestClassProcessor.java:51)
	at sun.reflect.NativeMethodAccessorImpl.invoke0(Native Method)
	at sun.reflect.NativeMethodAccessorImpl.invoke(NativeMethodAccessorImpl.java:62)
	at sun.reflect.DelegatingMethodAccessorImpl.invoke(DelegatingMethodAccessorImpl.java:43)
	at java.lang.reflect.Method.invoke(Method.java:498)
	at org.gradle.internal.dispatch.ReflectionDispatch.dispatch(ReflectionDispatch.java:35)
	at org.gradle.internal.dispatch.ReflectionDispatch.dispatch(ReflectionDispatch.java:24)
	at org.gradle.internal.dispatch.ContextClassLoaderDispatch.dispatch(ContextClassLoaderDispatch.java:32)
	at org.gradle.internal.dispatch.ProxyDispatchAdapter$DispatchingInvocationHandler.invoke(ProxyDispatchAdapter.java:93)
	at com.sun.proxy.$Proxy2.processTestClass(Unknown Source)
	at org.gradle.api.internal.tasks.testing.worker.TestWorker.processTestClass(TestWorker.java:118)
	at sun.reflect.NativeMethodAccessorImpl.invoke0(Native Method)
	at sun.reflect.NativeMethodAccessorImpl.invoke(NativeMethodAccessorImpl.java:62)
	at sun.reflect.DelegatingMethodAccessorImpl.invoke(DelegatingMethodAccessorImpl.java:43)
	at java.lang.reflect.Method.invoke(Method.java:498)
	at org.gradle.internal.dispatch.ReflectionDispatch.dispatch(ReflectionDispatch.java:35)
	at org.gradle.internal.dispatch.ReflectionDispatch.dispatch(ReflectionDispatch.java:24)
	at org.gradle.internal.remote.internal.hub.MessageHubBackedObjectConnection$DispatchWrapper.dispatch(MessageHubBackedObjectConnection.java:175)
	at org.gradle.internal.remote.internal.hub.MessageHubBackedObjectConnection$DispatchWrapper.dispatch(MessageHubBackedObjectConnection.java:157)
	at org.gradle.internal.remote.internal.hub.MessageHub$Handler.run(MessageHub.java:404)
	at org.gradle.internal.concurrent.ExecutorPolicy$CatchAndRecordFailures.onExecute(ExecutorPolicy.java:63)
	at org.gradle.internal.concurrent.ManagedExecutorImpl$1.run(ManagedExecutorImpl.java:46)
	at java.util.concurrent.ThreadPoolExecutor.runWorker(ThreadPoolExecutor.java:1149)
	at java.util.concurrent.ThreadPoolExecutor$Worker.run(ThreadPoolExecutor.java:624)
	at org.gradle.internal.concurrent.ThreadFactoryImpl$ManagedThreadRunnable.run(ThreadFactoryImpl.java:55)
	at java.lang.Thread.run(Thread.java:748)
?[0m

    Embedding null [image/png 116712 bytes]


    scenario Fail

  ?[32mGiven ?[0m?[32mUser is on Login Page?[0m                                      ?[90m# project.stepsdefinition.LoginStepDefinition.userIsOnLoginPage()?[0m
  ?[32mWhen ?[0m?[32mUser input phone number ?[0m?[32m?[1m"81394577000"?[0m?[32m on phone number field?[0m ?[90m# project.stepsdefinition.LoginStepDefinition.userInputPhoneNumberOnPhoneNumberField(java.lang.String)?[0m
  ?[32mAnd ?[0m?[32mUser input password ?[0m?[32m?[1m"P@ssword123"?[0m?[32m on password field?[0m          ?[90m# project.stepsdefinition.LoginStepDefinition.userInputPasswordOnPasswordField(java.lang.String)?[0m
  ?[32mAnd ?[0m?[32mUser click Sign In button on Login Page?[0m                      ?[90m# project.stepsdefinition.LoginStepDefinition.userClickSignInButton()?[0m
  ?[31mThen ?[0m?[31mUser see error message ?[0m?[31m?[1m"Invalid Phone Number or Password"?[0m   ?[90m# project.stepsdefinition.LoginStepDefinition.userSeeErrorMessage(java.lang.String)?[0m
      ?[31morg.openqa.selenium.TimeoutException: Expected condition failed: waiting for presence of element located by: By.id: textinput_error (tried for 50 second(s) with 500 milliseconds interval)
	at org.openqa.selenium.support.ui.WebDriverWait.timeoutException(WebDriverWait.java:95)
	at org.openqa.selenium.support.ui.FluentWait.until(FluentWait.java:272)
	at project.PageFunctions.waitABit(PageFunctions.java:14)
	at project.pages.LoginPage.checkWarningText(LoginPage.java:34)
	at project.stepsdefinition.LoginStepDefinition.userSeeErrorMessage(LoginStepDefinition.java:45)
	at ✽.User see error message "Invalid Phone Number or Password"(file:///Users/chenr/IdeaProjects/DANA-Business-Project/src/test/resources/features/Login.feature:33)
Caused by: org.openqa.selenium.NoSuchElementException: An element could not be located on the page using the given search parameters.
For documentation on this error, please visit: https://www.seleniumhq.org/exceptions/no_such_element.html
Build info: version: '3.141.59', revision: 'e82be7d358', time: '2018-11-14T08:17:03'
System info: host: 'dnid0666l01.local', ip: 'fe80:0:0:0:104e:4346:c63d:a4b7%en0', os.name: 'Mac OS X', os.arch: 'x86_64', os.version: '10.15.4', java.version: '1.8.0_251'
Driver info: io.appium.java_client.android.AndroidDriver
Capabilities {app: /Users/chenr/IdeaProjects/D..., appPackage: com.alfikri.rizky.danabusin..., autoGrantPermissions: true, automationName: UiAutomator2, databaseEnabled: false, desired: {app: /Users/chenr/IdeaProjects/D..., autoGrantPermissions: true, automationName: UiAutomator2, deviceName: device, platformName: android, platformVersion: 6.0, udid: emulator-5554}, deviceApiLevel: 23, deviceManufacturer: unknown, deviceModel: Android SDK built for x86, deviceName: emulator-5554, deviceScreenDensity: 420, deviceScreenSize: 1080x1920, deviceUDID: emulator-5554, javascriptEnabled: true, locationContextEnabled: false, networkConnectionEnabled: true, pixelRatio: 2.625, platform: LINUX, platformName: Android, platformVersion: 6.0, statBarHeight: 63, takesScreenshot: true, udid: emulator-5554, viewportRect: {height: 1731, left: 0, top: 63, width: 1080}, warnings: {}, webStorageEnabled: false}
Session ID: 80d1d307-2c6d-446c-8cd0-973908b65d4d
*** Element info: {Using=id, value=textinput_error}
	at sun.reflect.NativeConstructorAccessorImpl.newInstance0(Native Method)
	at sun.reflect.NativeConstructorAccessorImpl.newInstance(NativeConstructorAccessorImpl.java:62)
	at sun.reflect.DelegatingConstructorAccessorImpl.newInstance(DelegatingConstructorAccessorImpl.java:45)
	at java.lang.reflect.Constructor.newInstance(Constructor.java:423)
	at org.openqa.selenium.remote.http.W3CHttpResponseCodec.createException(W3CHttpResponseCodec.java:187)
	at org.openqa.selenium.remote.http.W3CHttpResponseCodec.decode(W3CHttpResponseCodec.java:122)
	at org.openqa.selenium.remote.http.W3CHttpResponseCodec.decode(W3CHttpResponseCodec.java:49)
	at org.openqa.selenium.remote.HttpCommandExecutor.execute(HttpCommandExecutor.java:158)
	at io.appium.java_client.remote.AppiumCommandExecutor.execute(AppiumCommandExecutor.java:239)
	at org.openqa.selenium.remote.RemoteWebDriver.execute(RemoteWebDriver.java:552)
	at io.appium.java_client.DefaultGenericMobileDriver.execute(DefaultGenericMobileDriver.java:41)
	at io.appium.java_client.AppiumDriver.execute(AppiumDriver.java:1)
	at io.appium.java_client.android.AndroidDriver.execute(AndroidDriver.java:1)
	at org.openqa.selenium.remote.RemoteWebDriver.findElement(RemoteWebDriver.java:323)
	at io.appium.java_client.DefaultGenericMobileDriver.findElement(DefaultGenericMobileDriver.java:61)
	at io.appium.java_client.AppiumDriver.findElement(AppiumDriver.java:1)
	at io.appium.java_client.android.AndroidDriver.findElement(AndroidDriver.java:1)
	at org.openqa.selenium.remote.RemoteWebDriver.findElementById(RemoteWebDriver.java:372)
	at io.appium.java_client.DefaultGenericMobileDriver.findElementById(DefaultGenericMobileDriver.java:69)
	at io.appium.java_client.AppiumDriver.findElementById(AppiumDriver.java:1)
	at io.appium.java_client.android.AndroidDriver.findElementById(AndroidDriver.java:1)
	at org.openqa.selenium.By$ById.findElement(By.java:188)
	at org.openqa.selenium.remote.RemoteWebDriver.findElement(RemoteWebDriver.java:315)
	at io.appium.java_client.DefaultGenericMobileDriver.findElement(DefaultGenericMobileDriver.java:57)
	at io.appium.java_client.AppiumDriver.findElement(AppiumDriver.java:1)
	at io.appium.java_client.android.AndroidDriver.findElement(AndroidDriver.java:1)
	at org.openqa.selenium.support.ui.ExpectedConditions$6.apply(ExpectedConditions.java:182)
	at org.openqa.selenium.support.ui.ExpectedConditions$6.apply(ExpectedConditions.java:179)
	at org.openqa.selenium.support.ui.FluentWait.until(FluentWait.java:249)
	at project.PageFunctions.waitABit(PageFunctions.java:14)
	at project.pages.LoginPage.checkWarningText(LoginPage.java:34)
	at project.stepsdefinition.LoginStepDefinition.userSeeErrorMessage(LoginStepDefinition.java:45)
	at sun.reflect.NativeMethodAccessorImpl.invoke0(Native Method)
	at sun.reflect.NativeMethodAccessorImpl.invoke(NativeMethodAccessorImpl.java:62)
	at sun.reflect.DelegatingMethodAccessorImpl.invoke(DelegatingMethodAccessorImpl.java:43)
	at java.lang.reflect.Method.invoke(Method.java:498)
	at io.cucumber.java.Invoker.invoke(Invoker.java:27)
	at io.cucumber.java.JavaStepDefinition.execute(JavaStepDefinition.java:27)
	at io.cucumber.core.runner.PickleStepDefinitionMatch.runStep(PickleStepDefinitionMatch.java:63)
	at io.cucumber.core.runner.TestStep.executeStep(TestStep.java:64)
	at io.cucumber.core.runner.TestStep.run(TestStep.java:49)
	at io.cucumber.core.runner.PickleStepTestStep.run(PickleStepTestStep.java:46)
	at io.cucumber.core.runner.TestCase.run(TestCase.java:51)
	at io.cucumber.core.runner.Runner.runPickle(Runner.java:67)
	at io.cucumber.junit.PickleRunners$WithStepDescriptions.run(PickleRunners.java:100)
	at io.cucumber.junit.FeatureRunner.runChild(FeatureRunner.java:83)
	at io.cucumber.junit.FeatureRunner.runChild(FeatureRunner.java:24)
	at org.junit.runners.ParentRunner$4.run(ParentRunner.java:331)
	at org.junit.runners.ParentRunner$1.schedule(ParentRunner.java:79)
	at org.junit.runners.ParentRunner.runChildren(ParentRunner.java:329)
	at org.junit.runners.ParentRunner.access$100(ParentRunner.java:66)
	at org.junit.runners.ParentRunner$2.evaluate(ParentRunner.java:293)
	at org.junit.runners.ParentRunner$3.evaluate(ParentRunner.java:306)
	at org.junit.runners.ParentRunner.run(ParentRunner.java:413)
	at io.cucumber.junit.Cucumber.runChild(Cucumber.java:185)
	at io.cucumber.junit.Cucumber.runChild(Cucumber.java:83)
	at org.junit.runners.ParentRunner$4.run(ParentRunner.java:331)
	at org.junit.runners.ParentRunner$1.schedule(ParentRunner.java:79)
	at org.junit.runners.ParentRunner.runChildren(ParentRunner.java:329)
	at org.junit.runners.ParentRunner.access$100(ParentRunner.java:66)
	at org.junit.runners.ParentRunner$2.evaluate(ParentRunner.java:293)
	at io.cucumber.junit.Cucumber$RunCucumber.evaluate(Cucumber.java:219)
	at org.junit.runners.ParentRunner$3.evaluate(ParentRunner.java:306)
	at org.junit.runners.ParentRunner.run(ParentRunner.java:413)
	at org.gradle.api.internal.tasks.testing.junit.JUnitTestClassExecutor.runTestClass(JUnitTestClassExecutor.java:110)
	at org.gradle.api.internal.tasks.testing.junit.JUnitTestClassExecutor.execute(JUnitTestClassExecutor.java:58)
	at org.gradle.api.internal.tasks.testing.junit.JUnitTestClassExecutor.execute(JUnitTestClassExecutor.java:38)
	at org.gradle.api.internal.tasks.testing.junit.AbstractJUnitTestClassProcessor.processTestClass(AbstractJUnitTestClassProcessor.java:62)
	at org.gradle.api.internal.tasks.testing.SuiteTestClassProcessor.processTestClass(SuiteTestClassProcessor.java:51)
	at sun.reflect.NativeMethodAccessorImpl.invoke0(Native Method)
	at sun.reflect.NativeMethodAccessorImpl.invoke(NativeMethodAccessorImpl.java:62)
	at sun.reflect.DelegatingMethodAccessorImpl.invoke(DelegatingMethodAccessorImpl.java:43)
	at java.lang.reflect.Method.invoke(Method.java:498)
	at org.gradle.internal.dispatch.ReflectionDispatch.dispatch(ReflectionDispatch.java:35)
	at org.gradle.internal.dispatch.ReflectionDispatch.dispatch(ReflectionDispatch.java:24)
	at org.gradle.internal.dispatch.ContextClassLoaderDispatch.dispatch(ContextClassLoaderDispatch.java:32)
	at org.gradle.internal.dispatch.ProxyDispatchAdapter$DispatchingInvocationHandler.invoke(ProxyDispatchAdapter.java:93)
	at com.sun.proxy.$Proxy2.processTestClass(Unknown Source)
	at org.gradle.api.internal.tasks.testing.worker.TestWorker.processTestClass(TestWorker.java:118)
	at sun.reflect.NativeMethodAccessorImpl.invoke0(Native Method)
	at sun.reflect.NativeMethodAccessorImpl.invoke(NativeMethodAccessorImpl.java:62)
	at sun.reflect.DelegatingMethodAccessorImpl.invoke(DelegatingMethodAccessorImpl.java:43)
	at java.lang.reflect.Method.invoke(Method.java:498)
	at org.gradle.internal.dispatch.ReflectionDispatch.dispatch(ReflectionDispatch.java:35)
	at org.gradle.internal.dispatch.ReflectionDispatch.dispatch(ReflectionDispatch.java:24)
	at org.gradle.internal.remote.internal.hub.MessageHubBackedObjectConnection$DispatchWrapper.dispatch(MessageHubBackedObjectConnection.java:175)
	at org.gradle.internal.remote.internal.hub.MessageHubBackedObjectConnection$DispatchWrapper.dispatch(MessageHubBackedObjectConnection.java:157)
	at org.gradle.internal.remote.internal.hub.MessageHub$Handler.run(MessageHub.java:404)
	at org.gradle.internal.concurrent.ExecutorPolicy$CatchAndRecordFailures.onExecute(ExecutorPolicy.java:63)
	at org.gradle.internal.concurrent.ManagedExecutorImpl$1.run(ManagedExecutorImpl.java:46)
	at java.util.concurrent.ThreadPoolExecutor.runWorker(ThreadPoolExecutor.java:1149)
	at java.util.concurrent.ThreadPoolExecutor$Worker.run(ThreadPoolExecutor.java:624)
	at org.gradle.internal.concurrent.ThreadFactoryImpl$ManagedThreadRunnable.run(ThreadFactoryImpl.java:55)
	at java.lang.Thread.run(Thread.java:748)
?[0m

    Embedding null [image/png 122841 bytes]


    scenario Fail

  ?[32mGiven ?[0m?[32mUser is on Login Page?[0m                                        ?[90m# project.stepsdefinition.LoginStepDefinition.userIsOnLoginPage()?[0m
  ?[32mWhen ?[0m?[32mUser input phone number ?[0m?[32m?[1m""?[0m?[32m on phone number field?[0m              ?[90m# project.stepsdefinition.LoginStepDefinition.userInputPhoneNumberOnPhoneNumberField(java.lang.String)?[0m
  ?[32mAnd ?[0m?[32mUser input password ?[0m?[32m?[1m"P@ssw0rd"?[0m?[32m on password field?[0m               ?[90m# project.stepsdefinition.LoginStepDefinition.userInputPasswordOnPasswordField(java.lang.String)?[0m
  ?[32mAnd ?[0m?[32mUser cannot click Sign In button on Login Page?[0m                 ?[90m# project.stepsdefinition.LoginStepDefinition.userCannotClickSignInButtonOnLoginPage()?[0m
  ?[32mThen ?[0m?[32mUser see error message ?[0m?[32m?[1m"Phone Number cannot be empty!"?[0m        ?[90m# project.stepsdefinition.LoginStepDefinition.userSeeErrorMessage(java.lang.String)?[0m
  ?[32mGiven ?[0m?[32mUser is on Login Page?[0m                                                                                      ?[90m# project.stepsdefinition.LoginStepDefinition.userIsOnLoginPage()?[0m
  ?[32mWhen ?[0m?[32mUser input phone number ?[0m?[32m?[1m"81300000"?[0m?[32m on phone number field?[0m                                                    ?[90m# project.stepsdefinition.LoginStepDefinition.userInputPhoneNumberOnPhoneNumberField(java.lang.String)?[0m
  ?[32mAnd ?[0m?[32mUser input password ?[0m?[32m?[1m"P@ssw0rd"?[0m?[32m on password field?[0m                                                             ?[90m# project.stepsdefinition.LoginStepDefinition.userInputPasswordOnPasswordField(java.lang.String)?[0m
  ?[32mAnd ?[0m?[32mUser cannot click Sign In button on Login Page?[0m                                                               ?[90m# project.stepsdefinition.LoginStepDefinition.userCannotClickSignInButtonOnLoginPage()?[0m
  ?[32mThen ?[0m?[32mUser see error message ?[0m?[32m?[1m"Wrong Phone Number format! Must starts with 8, contains numbers and 9 – 12 digits!"?[0m ?[90m# project.stepsdefinition.LoginStepDefinition.userSeeErrorMessage(java.lang.String)?[0m
  ?[32mGiven ?[0m?[32mUser is on Login Page?[0m                                                                                      ?[90m# project.stepsdefinition.LoginStepDefinition.userIsOnLoginPage()?[0m
  ?[32mWhen ?[0m?[32mUser input phone number ?[0m?[32m?[1m"8130000000000"?[0m?[32m on phone number field?[0m                                               ?[90m# project.stepsdefinition.LoginStepDefinition.userInputPhoneNumberOnPhoneNumberField(java.lang.String)?[0m
  ?[32mAnd ?[0m?[32mUser input password ?[0m?[32m?[1m"P@ssw0rd"?[0m?[32m on password field?[0m                                                             ?[90m# project.stepsdefinition.LoginStepDefinition.userInputPasswordOnPasswordField(java.lang.String)?[0m
  ?[32mAnd ?[0m?[32mUser cannot click Sign In button on Login Page?[0m                                                               ?[90m# project.stepsdefinition.LoginStepDefinition.userCannotClickSignInButtonOnLoginPage()?[0m
  ?[32mThen ?[0m?[32mUser see error message ?[0m?[32m?[1m"Wrong Phone Number format! Must starts with 8, contains numbers and 9 – 12 digits!"?[0m ?[90m# project.stepsdefinition.LoginStepDefinition.userSeeErrorMessage(java.lang.String)?[0m
  ?[32mGiven ?[0m?[32mUser is on Login Page?[0m                                                                                      ?[90m# project.stepsdefinition.LoginStepDefinition.userIsOnLoginPage()?[0m
  ?[32mWhen ?[0m?[32mUser input phone number ?[0m?[32m?[1m"813abcd00"?[0m?[32m on phone number field?[0m                                                   ?[90m# project.stepsdefinition.LoginStepDefinition.userInputPhoneNumberOnPhoneNumberField(java.lang.String)?[0m
  ?[32mAnd ?[0m?[32mUser input password ?[0m?[32m?[1m"P@ssw0rd"?[0m?[32m on password field?[0m                                                             ?[90m# project.stepsdefinition.LoginStepDefinition.userInputPasswordOnPasswordField(java.lang.String)?[0m
  ?[32mAnd ?[0m?[32mUser cannot click Sign In button on Login Page?[0m                                                               ?[90m# project.stepsdefinition.LoginStepDefinition.userCannotClickSignInButtonOnLoginPage()?[0m
  ?[32mThen ?[0m?[32mUser see error message ?[0m?[32m?[1m"Wrong Phone Number format! Must starts with 8, contains numbers and 9 – 12 digits!"?[0m ?[90m# project.stepsdefinition.LoginStepDefinition.userSeeErrorMessage(java.lang.String)?[0m
  ?[32mGiven ?[0m?[32mUser is on Login Page?[0m                                                                                      ?[90m# project.stepsdefinition.LoginStepDefinition.userIsOnLoginPage()?[0m
  ?[32mWhen ?[0m?[32mUser input phone number ?[0m?[32m?[1m"abcdefghi"?[0m?[32m on phone number field?[0m                                                   ?[90m# project.stepsdefinition.LoginStepDefinition.userInputPhoneNumberOnPhoneNumberField(java.lang.String)?[0m
  ?[32mAnd ?[0m?[32mUser input password ?[0m?[32m?[1m"P@ssw0rd"?[0m?[32m on password field?[0m                                                             ?[90m# project.stepsdefinition.LoginStepDefinition.userInputPasswordOnPasswordField(java.lang.String)?[0m
  ?[32mAnd ?[0m?[32mUser cannot click Sign In button on Login Page?[0m                                                               ?[90m# project.stepsdefinition.LoginStepDefinition.userCannotClickSignInButtonOnLoginPage()?[0m
  ?[32mThen ?[0m?[32mUser see error message ?[0m?[32m?[1m"Wrong Phone Number format! Must starts with 8, contains numbers and 9 – 12 digits!"?[0m ?[90m# project.stepsdefinition.LoginStepDefinition.userSeeErrorMessage(java.lang.String)?[0m
  ?[32mGiven ?[0m?[32mUser is on Login Page?[0m                                                                                      ?[90m# project.stepsdefinition.LoginStepDefinition.userIsOnLoginPage()?[0m
  ?[32mWhen ?[0m?[32mUser input phone number ?[0m?[32m?[1m"81300000!"?[0m?[32m on phone number field?[0m                                                   ?[90m# project.stepsdefinition.LoginStepDefinition.userInputPhoneNumberOnPhoneNumberField(java.lang.String)?[0m
  ?[32mAnd ?[0m?[32mUser input password ?[0m?[32m?[1m"P@ssw0rd"?[0m?[32m on password field?[0m                                                             ?[90m# project.stepsdefinition.LoginStepDefinition.userInputPasswordOnPasswordField(java.lang.String)?[0m
  ?[32mAnd ?[0m?[32mUser cannot click Sign In button on Login Page?[0m                                                               ?[90m# project.stepsdefinition.LoginStepDefinition.userCannotClickSignInButtonOnLoginPage()?[0m
  ?[32mThen ?[0m?[32mUser see error message ?[0m?[32m?[1m"Wrong Phone Number format! Must starts with 8, contains numbers and 9 – 12 digits!"?[0m ?[90m# project.stepsdefinition.LoginStepDefinition.userSeeErrorMessage(java.lang.String)?[0m
  ?[32mGiven ?[0m?[32mUser is on Login Page?[0m                                                                                      ?[90m# project.stepsdefinition.LoginStepDefinition.userIsOnLoginPage()?[0m
  ?[32mWhen ?[0m?[32mUser input phone number ?[0m?[32m?[1m"!@#$%^&*("?[0m?[32m on phone number field?[0m                                                   ?[90m# project.stepsdefinition.LoginStepDefinition.userInputPhoneNumberOnPhoneNumberField(java.lang.String)?[0m
  ?[32mAnd ?[0m?[32mUser input password ?[0m?[32m?[1m"P@ssw0rd"?[0m?[32m on password field?[0m                                                             ?[90m# project.stepsdefinition.LoginStepDefinition.userInputPasswordOnPasswordField(java.lang.String)?[0m
  ?[32mAnd ?[0m?[32mUser cannot click Sign In button on Login Page?[0m                                                               ?[90m# project.stepsdefinition.LoginStepDefinition.userCannotClickSignInButtonOnLoginPage()?[0m
  ?[32mThen ?[0m?[32mUser see error message ?[0m?[32m?[1m"Wrong Phone Number format! Must starts with 8, contains numbers and 9 – 12 digits!"?[0m ?[90m# project.stepsdefinition.LoginStepDefinition.userSeeErrorMessage(java.lang.String)?[0m
  ?[32mGiven ?[0m?[32mUser is on Login Page?[0m                                                                                      ?[90m# project.stepsdefinition.LoginStepDefinition.userIsOnLoginPage()?[0m
  ?[32mWhen ?[0m?[32mUser input phone number ?[0m?[32m?[1m"??"?[0m?[32m on phone number field?[0m                                                          ?[90m# project.stepsdefinition.LoginStepDefinition.userInputPhoneNumberOnPhoneNumberField(java.lang.String)?[0m
  ?[32mAnd ?[0m?[32mUser input password ?[0m?[32m?[1m"P@ssw0rd"?[0m?[32m on password field?[0m                                                             ?[90m# project.stepsdefinition.LoginStepDefinition.userInputPasswordOnPasswordField(java.lang.String)?[0m
  ?[32mAnd ?[0m?[32mUser cannot click Sign In button on Login Page?[0m                                                               ?[90m# project.stepsdefinition.LoginStepDefinition.userCannotClickSignInButtonOnLoginPage()?[0m
  ?[32mThen ?[0m?[32mUser see error message ?[0m?[32m?[1m"Wrong Phone Number format! Must starts with 8, contains numbers and 9 – 12 digits!"?[0m ?[90m# project.stepsdefinition.LoginStepDefinition.userSeeErrorMessage(java.lang.String)?[0m
  ?[32mGiven ?[0m?[32mUser is on Login Page?[0m                                                                                      ?[90m# project.stepsdefinition.LoginStepDefinition.userIsOnLoginPage()?[0m
  ?[32mWhen ?[0m?[32mUser input phone number ?[0m?[32m?[1m"62813000000"?[0m?[32m on phone number field?[0m                                                 ?[90m# project.stepsdefinition.LoginStepDefinition.userInputPhoneNumberOnPhoneNumberField(java.lang.String)?[0m
  ?[32mAnd ?[0m?[32mUser input password ?[0m?[32m?[1m"P@ssw0rd"?[0m?[32m on password field?[0m                                                             ?[90m# project.stepsdefinition.LoginStepDefinition.userInputPasswordOnPasswordField(java.lang.String)?[0m
  ?[32mAnd ?[0m?[32mUser cannot click Sign In button on Login Page?[0m                                                               ?[90m# project.stepsdefinition.LoginStepDefinition.userCannotClickSignInButtonOnLoginPage()?[0m
  ?[32mThen ?[0m?[32mUser see error message ?[0m?[32m?[1m"Wrong Phone Number format! Must starts with 8, contains numbers and 9 – 12 digits!"?[0m ?[90m# project.stepsdefinition.LoginStepDefinition.userSeeErrorMessage(java.lang.String)?[0m
  ?[32mGiven ?[0m?[32mUser is on Login Page?[0m                                                                                      ?[90m# project.stepsdefinition.LoginStepDefinition.userIsOnLoginPage()?[0m
  ?[32mWhen ?[0m?[32mUser input phone number ?[0m?[32m?[1m"08130000000"?[0m?[32m on phone number field?[0m                                                 ?[90m# project.stepsdefinition.LoginStepDefinition.userInputPhoneNumberOnPhoneNumberField(java.lang.String)?[0m
  ?[32mAnd ?[0m?[32mUser input password ?[0m?[32m?[1m"P@ssw0rd"?[0m?[32m on password field?[0m                                                             ?[90m# project.stepsdefinition.LoginStepDefinition.userInputPasswordOnPasswordField(java.lang.String)?[0m
  ?[32mAnd ?[0m?[32mUser cannot click Sign In button on Login Page?[0m                                                               ?[90m# project.stepsdefinition.LoginStepDefinition.userCannotClickSignInButtonOnLoginPage()?[0m
  ?[32mThen ?[0m?[32mUser see error message ?[0m?[32m?[1m"Wrong Phone Number format! Must starts with 8, contains numbers and 9 – 12 digits!"?[0m ?[90m# project.stepsdefinition.LoginStepDefinition.userSeeErrorMessage(java.lang.String)?[0m
  ?[32mGiven ?[0m?[32mUser is on Login Page?[0m                                         ?[90m# project.stepsdefinition.LoginStepDefinition.userIsOnLoginPage()?[0m
  ?[32mWhen ?[0m?[32mUser input phone number ?[0m?[32m?[1m"81394577665"?[0m?[32m on phone number field?[0m    ?[90m# project.stepsdefinition.LoginStepDefinition.userInputPhoneNumberOnPhoneNumberField(java.lang.String)?[0m
  ?[32mAnd ?[0m?[32mUser input password ?[0m?[32m?[1m""?[0m?[32m on password field?[0m                        ?[90m# project.stepsdefinition.LoginStepDefinition.userInputPasswordOnPasswordField(java.lang.String)?[0m
  ?[32mAnd ?[0m?[32mUser cannot click Sign In button on Login Page?[0m                  ?[90m# project.stepsdefinition.LoginStepDefinition.userCannotClickSignInButtonOnLoginPage()?[0m
  ?[32mThen ?[0m?[32mUser see error message ?[0m?[32m?[1m"Password cannot be empty!"?[0m             ?[90m# project.stepsdefinition.LoginStepDefinition.userSeeErrorMessage(java.lang.String)?[0m
  ?[32mGiven ?[0m?[32mUser is on Login Page?[0m                                                                     ?[90m# project.stepsdefinition.LoginStepDefinition.userIsOnLoginPage()?[0m
  ?[32mWhen ?[0m?[32mUser input phone number ?[0m?[32m?[1m"81394577665"?[0m?[32m on phone number field?[0m                                ?[90m# project.stepsdefinition.LoginStepDefinition.userInputPhoneNumberOnPhoneNumberField(java.lang.String)?[0m
  ?[32mAnd ?[0m?[32mUser input password ?[0m?[32m?[1m"P@ssw0r"?[0m?[32m on password field?[0m                                             ?[90m# project.stepsdefinition.LoginStepDefinition.userInputPasswordOnPasswordField(java.lang.String)?[0m
  ?[32mAnd ?[0m?[32mUser cannot click Sign In button on Login Page?[0m                                              ?[90m# project.stepsdefinition.LoginStepDefinition.userCannotClickSignInButtonOnLoginPage()?[0m
  ?[32mThen ?[0m?[32mUser see error message ?[0m?[32m?[1m"Password should be 8 digits and contains : a–z, A–Z, 1–9, Symbol!"?[0m ?[90m# project.stepsdefinition.LoginStepDefinition.userSeeErrorMessage(java.lang.String)?[0m
  ?[32mGiven ?[0m?[32mUser is on Login Page?[0m                                                                     ?[90m# project.stepsdefinition.LoginStepDefinition.userIsOnLoginPage()?[0m
  ?[32mWhen ?[0m?[32mUser input phone number ?[0m?[32m?[1m"81394577665"?[0m?[32m on phone number field?[0m                                ?[90m# project.stepsdefinition.LoginStepDefinition.userInputPhoneNumberOnPhoneNumberField(java.lang.String)?[0m
  ?[32mAnd ?[0m?[32mUser input password ?[0m?[32m?[1m"P@ssw0rd1234567890abc"?[0m?[32m on password field?[0m                               ?[90m# project.stepsdefinition.LoginStepDefinition.userInputPasswordOnPasswordField(java.lang.String)?[0m
  ?[31mAnd ?[0m?[31mUser cannot click Sign In button on Login Page?[0m                                              ?[90m# project.stepsdefinition.LoginStepDefinition.userCannotClickSignInButtonOnLoginPage()?[0m
      ?[31mjava.lang.AssertionError
	at org.junit.Assert.fail(Assert.java:87)
	at org.junit.Assert.assertTrue(Assert.java:42)
	at org.junit.Assert.assertFalse(Assert.java:65)
	at org.junit.Assert.assertFalse(Assert.java:75)
	at project.stepsdefinition.LoginStepDefinition.userCannotClickSignInButtonOnLoginPage(LoginStepDefinition.java:58)
	at ✽.User cannot click Sign In button on Login Page(file:///Users/chenr/IdeaProjects/DANA-Business-Project/src/test/resources/features/Login.feature:112)
?[0m
  ?[36mThen ?[0m?[36mUser see error message ?[0m?[36m?[1m"Password should be 8 digits and contains : a–z, A–Z, 1–9, Symbol!"?[0m ?[90m# project.stepsdefinition.LoginStepDefinition.userSeeErrorMessage(java.lang.String)?[0m

    Embedding null [image/png 116429 bytes]


    scenario Fail

  ?[32mGiven ?[0m?[32mUser is on Login Page?[0m                                                                     ?[90m# project.stepsdefinition.LoginStepDefinition.userIsOnLoginPage()?[0m
  ?[32mWhen ?[0m?[32mUser input phone number ?[0m?[32m?[1m"81394577665"?[0m?[32m on phone number field?[0m                                ?[90m# project.stepsdefinition.LoginStepDefinition.userInputPhoneNumberOnPhoneNumberField(java.lang.String)?[0m
  ?[32mAnd ?[0m?[32mUser input password ?[0m?[32m?[1m"Passw0rd"?[0m?[32m on password field?[0m                                            ?[90m# project.stepsdefinition.LoginStepDefinition.userInputPasswordOnPasswordField(java.lang.String)?[0m
  ?[32mAnd ?[0m?[32mUser cannot click Sign In button on Login Page?[0m                                              ?[90m# project.stepsdefinition.LoginStepDefinition.userCannotClickSignInButtonOnLoginPage()?[0m
  ?[32mThen ?[0m?[32mUser see error message ?[0m?[32m?[1m"Password should be 8 digits and contains : a–z, A–Z, 1–9, Symbol!"?[0m ?[90m# project.stepsdefinition.LoginStepDefinition.userSeeErrorMessage(java.lang.String)?[0m
  ?[32mGiven ?[0m?[32mUser is on Login Page?[0m                                                                     ?[90m# project.stepsdefinition.LoginStepDefinition.userIsOnLoginPage()?[0m
  ?[32mWhen ?[0m?[32mUser input phone number ?[0m?[32m?[1m"81394577665"?[0m?[32m on phone number field?[0m                                ?[90m# project.stepsdefinition.LoginStepDefinition.userInputPhoneNumberOnPhoneNumberField(java.lang.String)?[0m
  ?[32mAnd ?[0m?[32mUser input password ?[0m?[32m?[1m"P@ssword"?[0m?[32m on password field?[0m                                            ?[90m# project.stepsdefinition.LoginStepDefinition.userInputPasswordOnPasswordField(java.lang.String)?[0m
  ?[32mAnd ?[0m?[32mUser cannot click Sign In button on Login Page?[0m                                              ?[90m# project.stepsdefinition.LoginStepDefinition.userCannotClickSignInButtonOnLoginPage()?[0m
  ?[32mThen ?[0m?[32mUser see error message ?[0m?[32m?[1m"Password should be 8 digits and contains : a–z, A–Z, 1–9, Symbol!"?[0m ?[90m# project.stepsdefinition.LoginStepDefinition.userSeeErrorMessage(java.lang.String)?[0m
  ?[32mGiven ?[0m?[32mUser is on Login Page?[0m                                                                     ?[90m# project.stepsdefinition.LoginStepDefinition.userIsOnLoginPage()?[0m
  ?[32mWhen ?[0m?[32mUser input phone number ?[0m?[32m?[1m"81394577665"?[0m?[32m on phone number field?[0m                                ?[90m# project.stepsdefinition.LoginStepDefinition.userInputPhoneNumberOnPhoneNumberField(java.lang.String)?[0m
  ?[32mAnd ?[0m?[32mUser input password ?[0m?[32m?[1m"Password"?[0m?[32m on password field?[0m                                            ?[90m# project.stepsdefinition.LoginStepDefinition.userInputPasswordOnPasswordField(java.lang.String)?[0m
  ?[32mAnd ?[0m?[32mUser cannot click Sign In button on Login Page?[0m                                              ?[90m# project.stepsdefinition.LoginStepDefinition.userCannotClickSignInButtonOnLoginPage()?[0m
  ?[32mThen ?[0m?[32mUser see error message ?[0m?[32m?[1m"Password should be 8 digits and contains : a–z, A–Z, 1–9, Symbol!"?[0m ?[90m# project.stepsdefinition.LoginStepDefinition.userSeeErrorMessage(java.lang.String)?[0m
  ?[32mGiven ?[0m?[32mUser is on Login Page?[0m                                                                     ?[90m# project.stepsdefinition.LoginStepDefinition.userIsOnLoginPage()?[0m
  ?[32mWhen ?[0m?[32mUser input phone number ?[0m?[32m?[1m"81394577665"?[0m?[32m on phone number field?[0m                                ?[90m# project.stepsdefinition.LoginStepDefinition.userInputPhoneNumberOnPhoneNumberField(java.lang.String)?[0m
  ?[32mAnd ?[0m?[32mUser input password ?[0m?[32m?[1m"p@ssw0rd"?[0m?[32m on password field?[0m                                            ?[90m# project.stepsdefinition.LoginStepDefinition.userInputPasswordOnPasswordField(java.lang.String)?[0m
  ?[32mAnd ?[0m?[32mUser cannot click Sign In button on Login Page?[0m                                              ?[90m# project.stepsdefinition.LoginStepDefinition.userCannotClickSignInButtonOnLoginPage()?[0m
  ?[32mThen ?[0m?[32mUser see error message ?[0m?[32m?[1m"Password should be 8 digits and contains : a–z, A–Z, 1–9, Symbol!"?[0m ?[90m# project.stepsdefinition.LoginStepDefinition.userSeeErrorMessage(java.lang.String)?[0m
  ?[32mGiven ?[0m?[32mUser is on Login Page?[0m                                                                     ?[90m# project.stepsdefinition.LoginStepDefinition.userIsOnLoginPage()?[0m
  ?[32mWhen ?[0m?[32mUser input phone number ?[0m?[32m?[1m"81394577665"?[0m?[32m on phone number field?[0m                                ?[90m# project.stepsdefinition.LoginStepDefinition.userInputPhoneNumberOnPhoneNumberField(java.lang.String)?[0m
  ?[32mAnd ?[0m?[32mUser input password ?[0m?[32m?[1m"passw0rd"?[0m?[32m on password field?[0m                                            ?[90m# project.stepsdefinition.LoginStepDefinition.userInputPasswordOnPasswordField(java.lang.String)?[0m
  ?[32mAnd ?[0m?[32mUser cannot click Sign In button on Login Page?[0m                                              ?[90m# project.stepsdefinition.LoginStepDefinition.userCannotClickSignInButtonOnLoginPage()?[0m
  ?[32mThen ?[0m?[32mUser see error message ?[0m?[32m?[1m"Password should be 8 digits and contains : a–z, A–Z, 1–9, Symbol!"?[0m ?[90m# project.stepsdefinition.LoginStepDefinition.userSeeErrorMessage(java.lang.String)?[0m
  ?[32mGiven ?[0m?[32mUser is on Login Page?[0m                                                                     ?[90m# project.stepsdefinition.LoginStepDefinition.userIsOnLoginPage()?[0m
  ?[32mWhen ?[0m?[32mUser input phone number ?[0m?[32m?[1m"81394577665"?[0m?[32m on phone number field?[0m                                ?[90m# project.stepsdefinition.LoginStepDefinition.userInputPhoneNumberOnPhoneNumberField(java.lang.String)?[0m
  ?[32mAnd ?[0m?[32mUser input password ?[0m?[32m?[1m"p@ssword"?[0m?[32m on password field?[0m                                            ?[90m# project.stepsdefinition.LoginStepDefinition.userInputPasswordOnPasswordField(java.lang.String)?[0m
  ?[32mAnd ?[0m?[32mUser cannot click Sign In button on Login Page?[0m                                              ?[90m# project.stepsdefinition.LoginStepDefinition.userCannotClickSignInButtonOnLoginPage()?[0m
  ?[32mThen ?[0m?[32mUser see error message ?[0m?[32m?[1m"Password should be 8 digits and contains : a–z, A–Z, 1–9, Symbol!"?[0m ?[90m# project.stepsdefinition.LoginStepDefinition.userSeeErrorMessage(java.lang.String)?[0m
  ?[32mGiven ?[0m?[32mUser is on Login Page?[0m                                                                     ?[90m# project.stepsdefinition.LoginStepDefinition.userIsOnLoginPage()?[0m
  ?[32mWhen ?[0m?[32mUser input phone number ?[0m?[32m?[1m"81394577665"?[0m?[32m on phone number field?[0m                                ?[90m# project.stepsdefinition.LoginStepDefinition.userInputPhoneNumberOnPhoneNumberField(java.lang.String)?[0m
  ?[32mAnd ?[0m?[32mUser input password ?[0m?[32m?[1m"password"?[0m?[32m on password field?[0m                                            ?[90m# project.stepsdefinition.LoginStepDefinition.userInputPasswordOnPasswordField(java.lang.String)?[0m
  ?[32mAnd ?[0m?[32mUser cannot click Sign In button on Login Page?[0m                                              ?[90m# project.stepsdefinition.LoginStepDefinition.userCannotClickSignInButtonOnLoginPage()?[0m
  ?[32mThen ?[0m?[32mUser see error message ?[0m?[32m?[1m"Password should be 8 digits and contains : a–z, A–Z, 1–9, Symbol!"?[0m ?[90m# project.stepsdefinition.LoginStepDefinition.userSeeErrorMessage(java.lang.String)?[0m
  ?[32mGiven ?[0m?[32mUser is on Login Page?[0m                                                                     ?[90m# project.stepsdefinition.LoginStepDefinition.userIsOnLoginPage()?[0m
  ?[32mWhen ?[0m?[32mUser input phone number ?[0m?[32m?[1m"81394577665"?[0m?[32m on phone number field?[0m                                ?[90m# project.stepsdefinition.LoginStepDefinition.userInputPhoneNumberOnPhoneNumberField(java.lang.String)?[0m
  ?[32mAnd ?[0m?[32mUser input password ?[0m?[32m?[1m"P@SSW0RD"?[0m?[32m on password field?[0m                                            ?[90m# project.stepsdefinition.LoginStepDefinition.userInputPasswordOnPasswordField(java.lang.String)?[0m
  ?[32mAnd ?[0m?[32mUser cannot click Sign In button on Login Page?[0m                                              ?[90m# project.stepsdefinition.LoginStepDefinition.userCannotClickSignInButtonOnLoginPage()?[0m
  ?[32mThen ?[0m?[32mUser see error message ?[0m?[32m?[1m"Password should be 8 digits and contains : a–z, A–Z, 1–9, Symbol!"?[0m ?[90m# project.stepsdefinition.LoginStepDefinition.userSeeErrorMessage(java.lang.String)?[0m
  ?[32mGiven ?[0m?[32mUser is on Login Page?[0m                                                                     ?[90m# project.stepsdefinition.LoginStepDefinition.userIsOnLoginPage()?[0m
  ?[32mWhen ?[0m?[32mUser input phone number ?[0m?[32m?[1m"81394577665"?[0m?[32m on phone number field?[0m                                ?[90m# project.stepsdefinition.LoginStepDefinition.userInputPhoneNumberOnPhoneNumberField(java.lang.String)?[0m
  ?[32mAnd ?[0m?[32mUser input password ?[0m?[32m?[1m"PASSW0RD"?[0m?[32m on password field?[0m                                            ?[90m# project.stepsdefinition.LoginStepDefinition.userInputPasswordOnPasswordField(java.lang.String)?[0m
  ?[32mAnd ?[0m?[32mUser cannot click Sign In button on Login Page?[0m                                              ?[90m# project.stepsdefinition.LoginStepDefinition.userCannotClickSignInButtonOnLoginPage()?[0m
  ?[32mThen ?[0m?[32mUser see error message ?[0m?[32m?[1m"Password should be 8 digits and contains : a–z, A–Z, 1–9, Symbol!"?[0m ?[90m# project.stepsdefinition.LoginStepDefinition.userSeeErrorMessage(java.lang.String)?[0m
  ?[32mGiven ?[0m?[32mUser is on Login Page?[0m                                                                     ?[90m# project.stepsdefinition.LoginStepDefinition.userIsOnLoginPage()?[0m
  ?[32mWhen ?[0m?[32mUser input phone number ?[0m?[32m?[1m"81394577665"?[0m?[32m on phone number field?[0m                                ?[90m# project.stepsdefinition.LoginStepDefinition.userInputPhoneNumberOnPhoneNumberField(java.lang.String)?[0m
  ?[32mAnd ?[0m?[32mUser input password ?[0m?[32m?[1m"P@SSWORD"?[0m?[32m on password field?[0m                                            ?[90m# project.stepsdefinition.LoginStepDefinition.userInputPasswordOnPasswordField(java.lang.String)?[0m
  ?[32mAnd ?[0m?[32mUser cannot click Sign In button on Login Page?[0m                                              ?[90m# project.stepsdefinition.LoginStepDefinition.userCannotClickSignInButtonOnLoginPage()?[0m
  ?[32mThen ?[0m?[32mUser see error message ?[0m?[32m?[1m"Password should be 8 digits and contains : a–z, A–Z, 1–9, Symbol!"?[0m ?[90m# project.stepsdefinition.LoginStepDefinition.userSeeErrorMessage(java.lang.String)?[0m
  ?[32mGiven ?[0m?[32mUser is on Login Page?[0m                                                                     ?[90m# project.stepsdefinition.LoginStepDefinition.userIsOnLoginPage()?[0m
  ?[32mWhen ?[0m?[32mUser input phone number ?[0m?[32m?[1m"81394577665"?[0m?[32m on phone number field?[0m                                ?[90m# project.stepsdefinition.LoginStepDefinition.userInputPhoneNumberOnPhoneNumberField(java.lang.String)?[0m
  ?[32mAnd ?[0m?[32mUser input password ?[0m?[32m?[1m"PASSWORD"?[0m?[32m on password field?[0m                                            ?[90m# project.stepsdefinition.LoginStepDefinition.userInputPasswordOnPasswordField(java.lang.String)?[0m
  ?[32mAnd ?[0m?[32mUser cannot click Sign In button on Login Page?[0m                                              ?[90m# project.stepsdefinition.LoginStepDefinition.userCannotClickSignInButtonOnLoginPage()?[0m
  ?[32mThen ?[0m?[32mUser see error message ?[0m?[32m?[1m"Password should be 8 digits and contains : a–z, A–Z, 1–9, Symbol!"?[0m ?[90m# project.stepsdefinition.LoginStepDefinition.userSeeErrorMessage(java.lang.String)?[0m
  ?[32mGiven ?[0m?[32mUser is on Login Page?[0m                                                                     ?[90m# project.stepsdefinition.LoginStepDefinition.userIsOnLoginPage()?[0m
  ?[32mWhen ?[0m?[32mUser input phone number ?[0m?[32m?[1m"81394577665"?[0m?[32m on phone number field?[0m                                ?[90m# project.stepsdefinition.LoginStepDefinition.userInputPhoneNumberOnPhoneNumberField(java.lang.String)?[0m
  ?[32mAnd ?[0m?[32mUser input password ?[0m?[32m?[1m"123$%^78"?[0m?[32m on password field?[0m                                            ?[90m# project.stepsdefinition.LoginStepDefinition.userInputPasswordOnPasswordField(java.lang.String)?[0m
  ?[32mAnd ?[0m?[32mUser cannot click Sign In button on Login Page?[0m                                              ?[90m# project.stepsdefinition.LoginStepDefinition.userCannotClickSignInButtonOnLoginPage()?[0m
  ?[32mThen ?[0m?[32mUser see error message ?[0m?[32m?[1m"Password should be 8 digits and contains : a–z, A–Z, 1–9, Symbol!"?[0m ?[90m# project.stepsdefinition.LoginStepDefinition.userSeeErrorMessage(java.lang.String)?[0m
  ?[32mGiven ?[0m?[32mUser is on Login Page?[0m                                                                     ?[90m# project.stepsdefinition.LoginStepDefinition.userIsOnLoginPage()?[0m
  ?[32mWhen ?[0m?[32mUser input phone number ?[0m?[32m?[1m"81394577665"?[0m?[32m on phone number field?[0m                                ?[90m# project.stepsdefinition.LoginStepDefinition.userInputPhoneNumberOnPhoneNumberField(java.lang.String)?[0m
  ?[32mAnd ?[0m?[32mUser input password ?[0m?[32m?[1m"12345678"?[0m?[32m on password field?[0m                                            ?[90m# project.stepsdefinition.LoginStepDefinition.userInputPasswordOnPasswordField(java.lang.String)?[0m
  ?[32mAnd ?[0m?[32mUser cannot click Sign In button on Login Page?[0m                                              ?[90m# project.stepsdefinition.LoginStepDefinition.userCannotClickSignInButtonOnLoginPage()?[0m
  ?[32mThen ?[0m?[32mUser see error message ?[0m?[32m?[1m"Password should be 8 digits and contains : a–z, A–Z, 1–9, Symbol!"?[0m ?[90m# project.stepsdefinition.LoginStepDefinition.userSeeErrorMessage(java.lang.String)?[0m
  ?[32mGiven ?[0m?[32mUser is on Login Page?[0m                                                                     ?[90m# project.stepsdefinition.LoginStepDefinition.userIsOnLoginPage()?[0m
  ?[32mWhen ?[0m?[32mUser input phone number ?[0m?[32m?[1m"81394577665"?[0m?[32m on phone number field?[0m                                ?[90m# project.stepsdefinition.LoginStepDefinition.userInputPhoneNumberOnPhoneNumberField(java.lang.String)?[0m
  ?[32mAnd ?[0m?[32mUser input password ?[0m?[32m?[1m"!@#$%^&*"?[0m?[32m on password field?[0m                                            ?[90m# project.stepsdefinition.LoginStepDefinition.userInputPasswordOnPasswordField(java.lang.String)?[0m
  ?[32mAnd ?[0m?[32mUser cannot click Sign In button on Login Page?[0m                                              ?[90m# project.stepsdefinition.LoginStepDefinition.userCannotClickSignInButtonOnLoginPage()?[0m
  ?[32mThen ?[0m?[32mUser see error message ?[0m?[32m?[1m"Password should be 8 digits and contains : a–z, A–Z, 1–9, Symbol!"?[0m ?[90m# project.stepsdefinition.LoginStepDefinition.userSeeErrorMessage(java.lang.String)?[0m
  ?[32mGiven ?[0m?[32mUser is on Login Page?[0m                                                                     ?[90m# project.stepsdefinition.LoginStepDefinition.userIsOnLoginPage()?[0m
  ?[32mWhen ?[0m?[32mUser input phone number ?[0m?[32m?[1m"81394577665"?[0m?[32m on phone number field?[0m                                ?[90m# project.stepsdefinition.LoginStepDefinition.userInputPhoneNumberOnPhoneNumberField(java.lang.String)?[0m
  ?[32mAnd ?[0m?[32mUser input password ?[0m?[32m?[1m"P@ss w0rd"?[0m?[32m on password field?[0m                                           ?[90m# project.stepsdefinition.LoginStepDefinition.userInputPasswordOnPasswordField(java.lang.String)?[0m
  ?[31mAnd ?[0m?[31mUser cannot click Sign In button on Login Page?[0m                                              ?[90m# project.stepsdefinition.LoginStepDefinition.userCannotClickSignInButtonOnLoginPage()?[0m
      ?[31mjava.lang.AssertionError
	at org.junit.Assert.fail(Assert.java:87)
	at org.junit.Assert.assertTrue(Assert.java:42)
	at org.junit.Assert.assertFalse(Assert.java:65)
	at org.junit.Assert.assertFalse(Assert.java:75)
	at project.stepsdefinition.LoginStepDefinition.userCannotClickSignInButtonOnLoginPage(LoginStepDefinition.java:58)
	at ✽.User cannot click Sign In button on Login Page(file:///Users/chenr/IdeaProjects/DANA-Business-Project/src/test/resources/features/Login.feature:120)
?[0m
  ?[36mThen ?[0m?[36mUser see error message ?[0m?[36m?[1m"Password should be 8 digits and contains : a–z, A–Z, 1–9, Symbol!"?[0m ?[90m# project.stepsdefinition.LoginStepDefinition.userSeeErrorMessage(java.lang.String)?[0m

    Embedding null [image/png 116803 bytes]


    scenario Fail

  ?[32mGiven ?[0m?[32mUser is on Login Page?[0m                                                                     ?[90m# project.stepsdefinition.LoginStepDefinition.userIsOnLoginPage()?[0m
  ?[32mWhen ?[0m?[32mUser input phone number ?[0m?[32m?[1m"81394577665"?[0m?[32m on phone number field?[0m                                ?[90m# project.stepsdefinition.LoginStepDefinition.userInputPhoneNumberOnPhoneNumberField(java.lang.String)?[0m
  ?[32mAnd ?[0m?[32mUser input password ?[0m?[32m?[1m"P@ssw0rd??"?[0m?[32m on password field?[0m                                          ?[90m# project.stepsdefinition.LoginStepDefinition.userInputPasswordOnPasswordField(java.lang.String)?[0m
  ?[31mAnd ?[0m?[31mUser cannot click Sign In button on Login Page?[0m                                              ?[90m# project.stepsdefinition.LoginStepDefinition.userCannotClickSignInButtonOnLoginPage()?[0m
      ?[31mjava.lang.AssertionError
	at org.junit.Assert.fail(Assert.java:87)
	at org.junit.Assert.assertTrue(Assert.java:42)
	at org.junit.Assert.assertFalse(Assert.java:65)
	at org.junit.Assert.assertFalse(Assert.java:75)
	at project.stepsdefinition.LoginStepDefinition.userCannotClickSignInButtonOnLoginPage(LoginStepDefinition.java:58)
	at ✽.User cannot click Sign In button on Login Page(file:///Users/chenr/IdeaProjects/DANA-Business-Project/src/test/resources/features/Login.feature:120)
?[0m
  ?[36mThen ?[0m?[36mUser see error message ?[0m?[36m?[1m"Password should be 8 digits and contains : a–z, A–Z, 1–9, Symbol!"?[0m ?[90m# project.stepsdefinition.LoginStepDefinition.userSeeErrorMessage(java.lang.String)?[0m

    Embedding null [image/png 116796 bytes]


    scenario Fail

  ?[32mGiven ?[0m?[32mUser is on Login Page?[0m                                      ?[90m# project.stepsdefinition.LoginStepDefinition.userIsOnLoginPage()?[0m
  ?[32mWhen ?[0m?[32mUser input phone number ?[0m?[32m?[1m"81394577665"?[0m?[32m on phone number field?[0m ?[90m# project.stepsdefinition.LoginStepDefinition.userInputPhoneNumberOnPhoneNumberField(java.lang.String)?[0m
  ?[32mThen ?[0m?[32mUser see no error message?[0m                                   ?[90m# project.stepsdefinition.LoginStepDefinition.userSeeNoErrorMessage()?[0m
  ?[32mGiven ?[0m?[32mUser is on Login Page?[0m                                 ?[90m# project.stepsdefinition.LoginStepDefinition.userIsOnLoginPage()?[0m
  ?[32mWhen ?[0m?[32mUser input phone number ?[0m?[32m?[1m""?[0m?[32m on phone number field?[0m       ?[90m# project.stepsdefinition.LoginStepDefinition.userInputPhoneNumberOnPhoneNumberField(java.lang.String)?[0m
  ?[32mThen ?[0m?[32mUser see error message ?[0m?[32m?[1m"Phone Number cannot be empty!"?[0m ?[90m# project.stepsdefinition.LoginStepDefinition.userSeeErrorMessage(java.lang.String)?[0m
  ?[32mGiven ?[0m?[32mUser is on Login Page?[0m                                                                                      ?[90m# project.stepsdefinition.LoginStepDefinition.userIsOnLoginPage()?[0m
  ?[32mWhen ?[0m?[32mUser input phone number ?[0m?[32m?[1m"81300000"?[0m?[32m on phone number field?[0m                                                    ?[90m# project.stepsdefinition.LoginStepDefinition.userInputPhoneNumberOnPhoneNumberField(java.lang.String)?[0m
  ?[32mThen ?[0m?[32mUser see error message ?[0m?[32m?[1m"Wrong Phone Number format! Must starts with 8, contains numbers and 9 – 12 digits!"?[0m ?[90m# project.stepsdefinition.LoginStepDefinition.userSeeErrorMessage(java.lang.String)?[0m
  ?[32mGiven ?[0m?[32mUser is on Login Page?[0m                                                                                      ?[90m# project.stepsdefinition.LoginStepDefinition.userIsOnLoginPage()?[0m
  ?[32mWhen ?[0m?[32mUser input phone number ?[0m?[32m?[1m"8130000000000"?[0m?[32m on phone number field?[0m                                               ?[90m# project.stepsdefinition.LoginStepDefinition.userInputPhoneNumberOnPhoneNumberField(java.lang.String)?[0m
  ?[32mThen ?[0m?[32mUser see error message ?[0m?[32m?[1m"Wrong Phone Number format! Must starts with 8, contains numbers and 9 – 12 digits!"?[0m ?[90m# project.stepsdefinition.LoginStepDefinition.userSeeErrorMessage(java.lang.String)?[0m
  ?[32mGiven ?[0m?[32mUser is on Login Page?[0m                                                                                      ?[90m# project.stepsdefinition.LoginStepDefinition.userIsOnLoginPage()?[0m
  ?[32mWhen ?[0m?[32mUser input phone number ?[0m?[32m?[1m"813abcd00"?[0m?[32m on phone number field?[0m                                                   ?[90m# project.stepsdefinition.LoginStepDefinition.userInputPhoneNumberOnPhoneNumberField(java.lang.String)?[0m
  ?[32mThen ?[0m?[32mUser see error message ?[0m?[32m?[1m"Wrong Phone Number format! Must starts with 8, contains numbers and 9 – 12 digits!"?[0m ?[90m# project.stepsdefinition.LoginStepDefinition.userSeeErrorMessage(java.lang.String)?[0m
  ?[32mGiven ?[0m?[32mUser is on Login Page?[0m                                                                                      ?[90m# project.stepsdefinition.LoginStepDefinition.userIsOnLoginPage()?[0m
  ?[32mWhen ?[0m?[32mUser input phone number ?[0m?[32m?[1m"abcdefghi"?[0m?[32m on phone number field?[0m                                                   ?[90m# project.stepsdefinition.LoginStepDefinition.userInputPhoneNumberOnPhoneNumberField(java.lang.String)?[0m
  ?[32mThen ?[0m?[32mUser see error message ?[0m?[32m?[1m"Wrong Phone Number format! Must starts with 8, contains numbers and 9 – 12 digits!"?[0m ?[90m# project.stepsdefinition.LoginStepDefinition.userSeeErrorMessage(java.lang.String)?[0m
  ?[32mGiven ?[0m?[32mUser is on Login Page?[0m                                                                                      ?[90m# project.stepsdefinition.LoginStepDefinition.userIsOnLoginPage()?[0m
  ?[32mWhen ?[0m?[32mUser input phone number ?[0m?[32m?[1m"81300000!"?[0m?[32m on phone number field?[0m                                                   ?[90m# project.stepsdefinition.LoginStepDefinition.userInputPhoneNumberOnPhoneNumberField(java.lang.String)?[0m
  ?[32mThen ?[0m?[32mUser see error message ?[0m?[32m?[1m"Wrong Phone Number format! Must starts with 8, contains numbers and 9 – 12 digits!"?[0m ?[90m# project.stepsdefinition.LoginStepDefinition.userSeeErrorMessage(java.lang.String)?[0m
  ?[32mGiven ?[0m?[32mUser is on Login Page?[0m                                                                                      ?[90m# project.stepsdefinition.LoginStepDefinition.userIsOnLoginPage()?[0m
  ?[32mWhen ?[0m?[32mUser input phone number ?[0m?[32m?[1m"!@#$%^&*("?[0m?[32m on phone number field?[0m                                                   ?[90m# project.stepsdefinition.LoginStepDefinition.userInputPhoneNumberOnPhoneNumberField(java.lang.String)?[0m
  ?[32mThen ?[0m?[32mUser see error message ?[0m?[32m?[1m"Wrong Phone Number format! Must starts with 8, contains numbers and 9 – 12 digits!"?[0m ?[90m# project.stepsdefinition.LoginStepDefinition.userSeeErrorMessage(java.lang.String)?[0m
  ?[32mGiven ?[0m?[32mUser is on Login Page?[0m                                                                                      ?[90m# project.stepsdefinition.LoginStepDefinition.userIsOnLoginPage()?[0m
  ?[32mWhen ?[0m?[32mUser input phone number ?[0m?[32m?[1m"??"?[0m?[32m on phone number field?[0m                                                          ?[90m# project.stepsdefinition.LoginStepDefinition.userInputPhoneNumberOnPhoneNumberField(java.lang.String)?[0m
  ?[32mThen ?[0m?[32mUser see error message ?[0m?[32m?[1m"Wrong Phone Number format! Must starts with 8, contains numbers and 9 – 12 digits!"?[0m ?[90m# project.stepsdefinition.LoginStepDefinition.userSeeErrorMessage(java.lang.String)?[0m
  ?[32mGiven ?[0m?[32mUser is on Login Page?[0m                                                                                      ?[90m# project.stepsdefinition.LoginStepDefinition.userIsOnLoginPage()?[0m
  ?[32mWhen ?[0m?[32mUser input phone number ?[0m?[32m?[1m"62813000000"?[0m?[32m on phone number field?[0m                                                 ?[90m# project.stepsdefinition.LoginStepDefinition.userInputPhoneNumberOnPhoneNumberField(java.lang.String)?[0m
  ?[32mThen ?[0m?[32mUser see error message ?[0m?[32m?[1m"Wrong Phone Number format! Must starts with 8, contains numbers and 9 – 12 digits!"?[0m ?[90m# project.stepsdefinition.LoginStepDefinition.userSeeErrorMessage(java.lang.String)?[0m
  ?[32mGiven ?[0m?[32mUser is on Login Page?[0m                                                                                      ?[90m# project.stepsdefinition.LoginStepDefinition.userIsOnLoginPage()?[0m
  ?[32mWhen ?[0m?[32mUser input phone number ?[0m?[32m?[1m"08130000000"?[0m?[32m on phone number field?[0m                                                 ?[90m# project.stepsdefinition.LoginStepDefinition.userInputPhoneNumberOnPhoneNumberField(java.lang.String)?[0m
  ?[32mThen ?[0m?[32mUser see error message ?[0m?[32m?[1m"Wrong Phone Number format! Must starts with 8, contains numbers and 9 – 12 digits!"?[0m ?[90m# project.stepsdefinition.LoginStepDefinition.userSeeErrorMessage(java.lang.String)?[0m
  ?[32mGiven ?[0m?[32mUser is on Login Page?[0m                           ?[90m# project.stepsdefinition.LoginStepDefinition.userIsOnLoginPage()?[0m
  ?[32mWhen ?[0m?[32mUser input password ?[0m?[32m?[1m"P@ssw0rd"?[0m?[32m on password field?[0m ?[90m# project.stepsdefinition.LoginStepDefinition.userInputPasswordOnPasswordField(java.lang.String)?[0m
  ?[32mThen ?[0m?[32mUser see no error message?[0m                        ?[90m# project.stepsdefinition.LoginStepDefinition.userSeeNoErrorMessage()?[0m
  ?[32mGiven ?[0m?[32mUser is on Login Page?[0m                                               ?[90m# project.stepsdefinition.LoginStepDefinition.userIsOnLoginPage()?[0m
  ?[32mWhen ?[0m?[32mUser input password ?[0m?[32m?[1m""?[0m?[32m on password field?[0m                             ?[90m# project.stepsdefinition.LoginStepDefinition.userInputPasswordOnPasswordField(java.lang.String)?[0m
  ?[32mThen ?[0m?[32mUser see error message ?[0m?[32m?[1m"Password cannot be empty!"?[0m?[32m on password field?[0m ?[90m# project.stepsdefinition.LoginStepDefinition.userSeeErrorMessageOnPhoneNumberField(java.lang.String)?[0m
  ?[32mGiven ?[0m?[32mUser is on Login Page?[0m                                                                                       ?[90m# project.stepsdefinition.LoginStepDefinition.userIsOnLoginPage()?[0m
  ?[32mWhen ?[0m?[32mUser input password ?[0m?[32m?[1m"P@ssw0r"?[0m?[32m on password field?[0m                                                              ?[90m# project.stepsdefinition.LoginStepDefinition.userInputPasswordOnPasswordField(java.lang.String)?[0m
  ?[32mThen ?[0m?[32mUser see error message ?[0m?[32m?[1m"Password should be 8 digits and contains : a–z, A–Z, 1–9, Symbol!"?[0m?[32m on password field?[0m ?[90m# project.stepsdefinition.LoginStepDefinition.userSeeErrorMessageOnPhoneNumberField(java.lang.String)?[0m
  ?[32mGiven ?[0m?[32mUser is on Login Page?[0m                                                                                       ?[90m# project.stepsdefinition.LoginStepDefinition.userIsOnLoginPage()?[0m
  ?[32mWhen ?[0m?[32mUser input password ?[0m?[32m?[1m"P@ssw0rd1234567890abc"?[0m?[32m on password field?[0m                                                ?[90m# project.stepsdefinition.LoginStepDefinition.userInputPasswordOnPasswordField(java.lang.String)?[0m
  ?[31mThen ?[0m?[31mUser see error message ?[0m?[31m?[1m"Password should be 8 digits and contains : a–z, A–Z, 1–9, Symbol!"?[0m?[31m on password field?[0m ?[90m# project.stepsdefinition.LoginStepDefinition.userSeeErrorMessageOnPhoneNumberField(java.lang.String)?[0m
      ?[31morg.openqa.selenium.NoSuchElementException: An element could not be located on the page using the given search parameters.
For documentation on this error, please visit: https://www.seleniumhq.org/exceptions/no_such_element.html
Build info: version: '3.141.59', revision: 'e82be7d358', time: '2018-11-14T08:17:03'
System info: host: 'dnid0666l01.local', ip: 'fe80:0:0:0:104e:4346:c63d:a4b7%en0', os.name: 'Mac OS X', os.arch: 'x86_64', os.version: '10.15.4', java.version: '1.8.0_251'
Driver info: io.appium.java_client.android.AndroidDriver
[...]
	at org.gradle.internal.concurrent.ThreadFactoryImpl$ManagedThreadRunnable.run(ThreadFactoryImpl.java:55)
	at java.lang.Thread.run(Thread.java:748)

java.lang.AssertionError
	at org.junit.Assert.fail(Assert.java:87)
	at org.junit.Assert.assertTrue(Assert.java:42)
	at org.junit.Assert.assertFalse(Assert.java:65)
	at org.junit.Assert.assertFalse(Assert.java:75)
	at project.stepsdefinition.LoginStepDefinition.userCannotClickSignInButtonOnLoginPage(LoginStepDefinition.java:58)
	at ✽.User cannot click Sign In button on Login Page(file:///Users/chenr/IdeaProjects/DANA-Business-Project/src/test/resources/features/Login.feature:112)

java.lang.AssertionError
	at org.junit.Assert.fail(Assert.java:87)
	at org.junit.Assert.assertTrue(Assert.java:42)
	at org.junit.Assert.assertFalse(Assert.java:65)
	at org.junit.Assert.assertFalse(Assert.java:75)
	at project.stepsdefinition.LoginStepDefinition.userCannotClickSignInButtonOnLoginPage(LoginStepDefinition.java:58)
	at ✽.User cannot click Sign In button on Login Page(file:///Users/chenr/IdeaProjects/DANA-Business-Project/src/test/resources/features/Login.feature:120)

java.lang.AssertionError
	at org.junit.Assert.fail(Assert.java:87)
	at org.junit.Assert.assertTrue(Assert.java:42)
	at org.junit.Assert.assertFalse(Assert.java:65)
	at org.junit.Assert.assertFalse(Assert.java:75)
	at project.stepsdefinition.LoginStepDefinition.userCannotClickSignInButtonOnLoginPage(LoginStepDefinition.java:58)
	at ✽.User cannot click Sign In button on Login Page(file:///Users/chenr/IdeaProjects/DANA-Business-Project/src/test/resources/features/Login.feature:120)

org.openqa.selenium.NoSuchElementException: An element could not be located on the page using the given search parameters.
For documentation on this error, please visit: https://www.seleniumhq.org/exceptions/no_such_element.html
Build info: version: '3.141.59', revision: 'e82be7d358', time: '2018-11-14T08:17:03'
System info: host: 'dnid0666l01.local', ip: 'fe80:0:0:0:104e:4346:c63d:a4b7%en0', os.name: 'Mac OS X', os.arch: 'x86_64', os.version: '10.15.4', java.version: '1.8.0_251'
Driver info: io.appium.java_client.android.AndroidDriver
Capabilities {app: /Users/chenr/IdeaProjects/D..., appPackage: com.alfikri.rizky.danabusin..., autoGrantPermissions: true, automationName: UiAutomator2, databaseEnabled: false, desired: {app: /Users/chenr/IdeaProjects/D..., autoGrantPermissions: true, automationName: UiAutomator2, deviceName: device, platformName: android, platformVersion: 6.0, udid: emulator-5554}, deviceApiLevel: 23, deviceManufacturer: unknown, deviceModel: Android SDK built for x86, deviceName: emulator-5554, deviceScreenDensity: 420, deviceScreenSize: 1080x1920, deviceUDID: emulator-5554, javascriptEnabled: true, locationContextEnabled: false, networkConnectionEnabled: true, pixelRatio: 2.625, platform: LINUX, platformName: Android, platformVersion: 6.0, statBarHeight: 63, takesScreenshot: true, udid: emulator-5554, viewportRect: {height: 1731, left: 0, top: 63, width: 1080}, warnings: {}, webStorageEnabled: false}
Session ID: 741a031c-902a-4e3c-9754-1885f94326e7
*** Element info: {Using=xpath, value=//android.widget.TextView[contains(@text, 'Password should be 8 digits and contains : a–z, A–Z, 1–9, Symbol!')]}
	at sun.reflect.NativeConstructorAccessorImpl.newInstance0(Native Method)
	at sun.reflect.NativeConstructorAccessorImpl.newInstance(NativeConstructorAccessorImpl.java:62)
	at sun.reflect.DelegatingConstructorAccessorImpl.newInstance(DelegatingConstructorAccessorImpl.java:45)
	at java.lang.reflect.Constructor.newInstance(Constructor.java:423)
	at org.openqa.selenium.remote.http.W3CHttpResponseCodec.createException(W3CHttpResponseCodec.java:187)
	at org.openqa.selenium.remote.http.W3CHttpResponseCodec.decode(W3CHttpResponseCodec.java:122)
	at org.openqa.selenium.remote.http.W3CHttpResponseCodec.decode(W3CHttpResponseCodec.java:49)
	at org.openqa.selenium.remote.HttpCommandExecutor.execute(HttpCommandExecutor.java:158)
	at io.appium.java_client.remote.AppiumCommandExecutor.execute(AppiumCommandExecutor.java:239)
	at org.openqa.selenium.remote.RemoteWebDriver.execute(RemoteWebDriver.java:552)
	at io.appium.java_client.DefaultGenericMobileDriver.execute(DefaultGenericMobileDriver.java:41)
	at io.appium.java_client.AppiumDriver.execute(AppiumDriver.java:1)
	at io.appium.java_client.android.AndroidDriver.execute(AndroidDriver.java:1)
	at org.openqa.selenium.remote.RemoteWebDriver.findElement(RemoteWebDriver.java:323)
	at io.appium.java_client.DefaultGenericMobileDriver.findElement(DefaultGenericMobileDriver.java:61)
	at io.appium.java_client.AppiumDriver.findElement(AppiumDriver.java:1)
	at io.appium.java_client.android.AndroidDriver.findElement(AndroidDriver.java:1)
	at org.openqa.selenium.remote.RemoteWebDriver.findElementByXPath(RemoteWebDriver.java:428)
	at io.appium.java_client.DefaultGenericMobileDriver.findElementByXPath(DefaultGenericMobileDriver.java:151)
	at io.appium.java_client.AppiumDriver.findElementByXPath(AppiumDriver.java:1)
	at io.appium.java_client.android.AndroidDriver.findElementByXPath(AndroidDriver.java:1)
	at org.openqa.selenium.By$ByXPath.findElement(By.java:353)
	at org.openqa.selenium.remote.RemoteWebDriver.findElement(RemoteWebDriver.java:315)
	at io.appium.java_client.DefaultGenericMobileDriver.findElement(DefaultGenericMobileDriver.java:57)
	at io.appium.java_client.AppiumDriver.findElement(AppiumDriver.java:1)
	at io.appium.java_client.android.AndroidDriver.findElement(AndroidDriver.java:1)
	at project.pages.LoginPage.getWarningTextPassword(LoginPage.java:47)
	at project.stepsdefinition.LoginStepDefinition.userSeeErrorMessageOnPhoneNumberField(LoginStepDefinition.java:106)
	at ✽.User see error message "Password should be 8 digits and contains : a–z, A–Z, 1–9, Symbol!" on password field(file:///Users/chenr/IdeaProjects/DANA-Business-Project/src/test/resources/features/Login.feature:205)

org.openqa.selenium.NoSuchElementException: An element could not be located on the page using the given search parameters.
For documentation on this error, please visit: https://www.seleniumhq.org/exceptions/no_such_element.html
Build info: version: '3.141.59', revision: 'e82be7d358', time: '2018-11-14T08:17:03'
System info: host: 'dnid0666l01.local', ip: 'fe80:0:0:0:104e:4346:c63d:a4b7%en0', os.name: 'Mac OS X', os.arch: 'x86_64', os.version: '10.15.4', java.version: '1.8.0_251'
Driver info: io.appium.java_client.android.AndroidDriver
Capabilities {app: /Users/chenr/IdeaProjects/D..., appPackage: com.alfikri.rizky.danabusin..., autoGrantPermissions: true, automationName: UiAutomator2, databaseEnabled: false, desired: {app: /Users/chenr/IdeaProjects/D..., autoGrantPermissions: true, automationName: UiAutomator2, deviceName: device, platformName: android, platformVersion: 6.0, udid: emulator-5554}, deviceApiLevel: 23, deviceManufacturer: unknown, deviceModel: Android SDK built for x86, deviceName: emulator-5554, deviceScreenDensity: 420, deviceScreenSize: 1080x1920, deviceUDID: emulator-5554, javascriptEnabled: true, locationContextEnabled: false, networkConnectionEnabled: true, pixelRatio: 2.625, platform: LINUX, platformName: Android, platformVersion: 6.0, statBarHeight: 63, takesScreenshot: true, udid: emulator-5554, viewportRect: {height: 1731, left: 0, top: 63, width: 1080}, warnings: {}, webStorageEnabled: false}
Session ID: 6b3c15a4-fdfd-4517-bcd7-4791dd386c56
*** Element info: {Using=xpath, value=//android.widget.TextView[contains(@text, 'Password should be 8 digits and contains : a–z, A–Z, 1–9, Symbol!')]}
	at sun.reflect.NativeConstructorAccessorImpl.newInstance0(Native Method)
	at sun.reflect.NativeConstructorAccessorImpl.newInstance(NativeConstructorAccessorImpl.java:62)
	at sun.reflect.DelegatingConstructorAccessorImpl.newInstance(DelegatingConstructorAccessorImpl.java:45)
	at java.lang.reflect.Constructor.newInstance(Constructor.java:423)
	at org.openqa.selenium.remote.http.W3CHttpResponseCodec.createException(W3CHttpResponseCodec.java:187)
	at org.openqa.selenium.remote.http.W3CHttpResponseCodec.decode(W3CHttpResponseCodec.java:122)
	at org.openqa.selenium.remote.http.W3CHttpResponseCodec.decode(W3CHttpResponseCodec.java:49)
	at org.openqa.selenium.remote.HttpCommandExecutor.execute(HttpCommandExecutor.java:158)
	at io.appium.java_client.remote.AppiumCommandExecutor.execute(AppiumCommandExecutor.java:239)
	at org.openqa.selenium.remote.RemoteWebDriver.execute(RemoteWebDriver.java:552)
	at io.appium.java_client.DefaultGenericMobileDriver.execute(DefaultGenericMobileDriver.java:41)
	at io.appium.java_client.AppiumDriver.execute(AppiumDriver.java:1)
	at io.appium.java_client.android.AndroidDriver.execute(AndroidDriver.java:1)
	at org.openqa.selenium.remote.RemoteWebDriver.findElement(RemoteWebDriver.java:323)
	at io.appium.java_client.DefaultGenericMobileDriver.findElement(DefaultGenericMobileDriver.java:61)
	at io.appium.java_client.AppiumDriver.findElement(AppiumDriver.java:1)
	at io.appium.java_client.android.AndroidDriver.findElement(AndroidDriver.java:1)
	at org.openqa.selenium.remote.RemoteWebDriver.findElementByXPath(RemoteWebDriver.java:428)
	at io.appium.java_client.DefaultGenericMobileDriver.findElementByXPath(DefaultGenericMobileDriver.java:151)
	at io.appium.java_client.AppiumDriver.findElementByXPath(AppiumDriver.java:1)
	at io.appium.java_client.android.AndroidDriver.findElementByXPath(AndroidDriver.java:1)
	at org.openqa.selenium.By$ByXPath.findElement(By.java:353)
	at org.openqa.selenium.remote.RemoteWebDriver.findElement(RemoteWebDriver.java:315)
	at io.appium.java_client.DefaultGenericMobileDriver.findElement(DefaultGenericMobileDriver.java:57)
	at io.appium.java_client.AppiumDriver.findElement(AppiumDriver.java:1)
	at io.appium.java_client.android.AndroidDriver.findElement(AndroidDriver.java:1)
	at project.pages.LoginPage.getWarningTextPassword(LoginPage.java:47)
	at project.stepsdefinition.LoginStepDefinition.userSeeErrorMessageOnPhoneNumberField(LoginStepDefinition.java:106)
	at ✽.User see error message "Password should be 8 digits and contains : a–z, A–Z, 1–9, Symbol!" on password field(file:///Users/chenr/IdeaProjects/DANA-Business-Project/src/test/resources/features/Login.feature:205)

org.openqa.selenium.NoSuchElementException: An element could not be located on the page using the given search parameters.
For documentation on this error, please visit: https://www.seleniumhq.org/exceptions/no_such_element.html
Build info: version: '3.141.59', revision: 'e82be7d358', time: '2018-11-14T08:17:03'
System info: host: 'dnid0666l01.local', ip: 'fe80:0:0:0:104e:4346:c63d:a4b7%en0', os.name: 'Mac OS X', os.arch: 'x86_64', os.version: '10.15.4', java.version: '1.8.0_251'
Driver info: io.appium.java_client.android.AndroidDriver
Capabilities {app: /Users/chenr/IdeaProjects/D..., appPackage: com.alfikri.rizky.danabusin..., autoGrantPermissions: true, automationName: UiAutomator2, databaseEnabled: false, desired: {app: /Users/chenr/IdeaProjects/D..., autoGrantPermissions: true, automationName: UiAutomator2, deviceName: device, platformName: android, platformVersion: 6.0, udid: emulator-5554}, deviceApiLevel: 23, deviceManufacturer: unknown, deviceModel: Android SDK built for x86, deviceName: emulator-5554, deviceScreenDensity: 420, deviceScreenSize: 1080x1920, deviceUDID: emulator-5554, javascriptEnabled: true, locationContextEnabled: false, networkConnectionEnabled: true, pixelRatio: 2.625, platform: LINUX, platformName: Android, platformVersion: 6.0, statBarHeight: 63, takesScreenshot: true, udid: emulator-5554, viewportRect: {height: 1731, left: 0, top: 63, width: 1080}, warnings: {}, webStorageEnabled: false}
Session ID: 3f6850e7-c8f8-4fbc-8de5-4037dc53a960
*** Element info: {Using=xpath, value=//android.widget.TextView[contains(@text, 'Password should be 8 digits and contains : a–z, A–Z, 1–9, Symbol!')]}
	at sun.reflect.NativeConstructorAccessorImpl.newInstance0(Native Method)
	at sun.reflect.NativeConstructorAccessorImpl.newInstance(NativeConstructorAccessorImpl.java:62)
	at sun.reflect.DelegatingConstructorAccessorImpl.newInstance(DelegatingConstructorAccessorImpl.java:45)
	at java.lang.reflect.Constructor.newInstance(Constructor.java:423)
	at org.openqa.selenium.remote.http.W3CHttpResponseCodec.createException(W3CHttpResponseCodec.java:187)
	at org.openqa.selenium.remote.http.W3CHttpResponseCodec.decode(W3CHttpResponseCodec.java:122)
	at org.openqa.selenium.remote.http.W3CHttpResponseCodec.decode(W3CHttpResponseCodec.java:49)
	at org.openqa.selenium.remote.HttpCommandExecutor.execute(HttpCommandExecutor.java:158)
	at io.appium.java_client.remote.AppiumCommandExecutor.execute(AppiumCommandExecutor.java:239)
	at org.openqa.selenium.remote.RemoteWebDriver.execute(RemoteWebDriver.java:552)
	at io.appium.java_client.DefaultGenericMobileDriver.execute(DefaultGenericMobileDriver.java:41)
	at io.appium.java_client.AppiumDriver.execute(AppiumDriver.java:1)
	at io.appium.java_client.android.AndroidDriver.execute(AndroidDriver.java:1)
	at org.openqa.selenium.remote.RemoteWebDriver.findElement(RemoteWebDriver.java:323)
	at io.appium.java_client.DefaultGenericMobileDriver.findElement(DefaultGenericMobileDriver.java:61)
	at io.appium.java_client.AppiumDriver.findElement(AppiumDriver.java:1)
	at io.appium.java_client.android.AndroidDriver.findElement(AndroidDriver.java:1)
	at org.openqa.selenium.remote.RemoteWebDriver.findElementByXPath(RemoteWebDriver.java:428)
	at io.appium.java_client.DefaultGenericMobileDriver.findElementByXPath(DefaultGenericMobileDriver.java:151)
	at io.appium.java_client.AppiumDriver.findElementByXPath(AppiumDriver.java:1)
	at io.appium.java_client.android.AndroidDriver.findElementByXPath(AndroidDriver.java:1)
	at org.openqa.selenium.By$ByXPath.findElement(By.java:353)
	at org.openqa.selenium.remote.RemoteWebDriver.findElement(RemoteWebDriver.java:315)
	at io.appium.java_client.DefaultGenericMobileDriver.findElement(DefaultGenericMobileDriver.java:57)
	at io.appium.java_client.AppiumDriver.findElement(AppiumDriver.java:1)
	at io.appium.java_client.android.AndroidDriver.findElement(AndroidDriver.java:1)
	at project.pages.LoginPage.getWarningTextPassword(LoginPage.java:47)
	at project.stepsdefinition.LoginStepDefinition.userSeeErrorMessageOnPhoneNumberField(LoginStepDefinition.java:106)
	at ✽.User see error message "Password should be 8 digits and contains : a–z, A–Z, 1–9, Symbol!" on password field(file:///Users/chenr/IdeaProjects/DANA-Business-Project/src/test/resources/features/Login.feature:205)

org.junit.ComparisonFailure: expected:<P@ssw0rd[]> but was:<P@ssw0rd[, Password]>
	at org.junit.Assert.assertEquals(Assert.java:117)
	at org.junit.Assert.assertEquals(Assert.java:146)
	at project.stepsdefinition.LoginStepDefinition.userSeeOnPasswordField(LoginStepDefinition.java:80)
	at ✽.User see "P@ssw0rd" on password field(file:///Users/chenr/IdeaProjects/DANA-Business-Project/src/test/resources/features/Login.feature:234)

org.openqa.selenium.NoSuchElementException: An element could not be located on the page using the given search parameters.
For documentation on this error, please visit: https://www.seleniumhq.org/exceptions/no_such_element.html
Build info: version: '3.141.59', revision: 'e82be7d358', time: '2018-11-14T08:17:03'
System info: host: 'dnid0666l01.local', ip: 'fe80:0:0:0:104e:4346:c63d:a4b7%en0', os.name: 'Mac OS X', os.arch: 'x86_64', os.version: '10.15.4', java.version: '1.8.0_251'
Driver info: io.appium.java_client.android.AndroidDriver
Capabilities {app: /Users/chenr/IdeaProjects/D..., appPackage: com.alfikri.rizky.danabusin..., autoGrantPermissions: true, automationName: UiAutomator2, databaseEnabled: false, desired: {app: /Users/chenr/IdeaProjects/D..., autoGrantPermissions: true, automationName: UiAutomator2, deviceName: device, platformName: android, platformVersion: 6.0, udid: emulator-5554}, deviceApiLevel: 23, deviceManufacturer: unknown, deviceModel: Android SDK built for x86, deviceName: emulator-5554, deviceScreenDensity: 420, deviceScreenSize: 1080x1920, deviceUDID: emulator-5554, javascriptEnabled: true, locationContextEnabled: false, networkConnectionEnabled: true, pixelRatio: 2.625, platform: LINUX, platformName: Android, platformVersion: 6.0, statBarHeight: 63, takesScreenshot: true, udid: emulator-5554, viewportRect: {height: 1731, left: 0, top: 63, width: 1080}, warnings: {}, webStorageEnabled: false}
Session ID: 7663bd84-6036-4e59-8cce-348e4f557ff0
*** Element info: {Using=xpath, value=//android.widget.ImageButton[@content-desc='Show password']}
	at sun.reflect.NativeConstructorAccessorImpl.newInstance0(Native Method)
	at sun.reflect.NativeConstructorAccessorImpl.newInstance(NativeConstructorAccessorImpl.java:62)
	at sun.reflect.DelegatingConstructorAccessorImpl.newInstance(DelegatingConstructorAccessorImpl.java:45)
	at java.lang.reflect.Constructor.newInstance(Constructor.java:423)
	at org.openqa.selenium.remote.http.W3CHttpResponseCodec.createException(W3CHttpResponseCodec.java:187)
	at org.openqa.selenium.remote.http.W3CHttpResponseCodec.decode(W3CHttpResponseCodec.java:122)
	at org.openqa.selenium.remote.http.W3CHttpResponseCodec.decode(W3CHttpResponseCodec.java:49)
	at org.openqa.selenium.remote.HttpCommandExecutor.execute(HttpCommandExecutor.java:158)
	at io.appium.java_client.remote.AppiumCommandExecutor.execute(AppiumCommandExecutor.java:239)
	at org.openqa.selenium.remote.RemoteWebDriver.execute(RemoteWebDriver.java:552)
	at io.appium.java_client.DefaultGenericMobileDriver.execute(DefaultGenericMobileDriver.java:41)
	at io.appium.java_client.AppiumDriver.execute(AppiumDriver.java:1)
	at io.appium.java_client.android.AndroidDriver.execute(AndroidDriver.java:1)
	at org.openqa.selenium.remote.RemoteWebDriver.findElement(RemoteWebDriver.java:323)
	at io.appium.java_client.DefaultGenericMobileDriver.findElement(DefaultGenericMobileDriver.java:61)
	at io.appium.java_client.AppiumDriver.findElement(AppiumDriver.java:1)
	at io.appium.java_client.android.AndroidDriver.findElement(AndroidDriver.java:1)
	at org.openqa.selenium.remote.RemoteWebDriver.findElementByXPath(RemoteWebDriver.java:428)
	at io.appium.java_client.DefaultGenericMobileDriver.findElementByXPath(DefaultGenericMobileDriver.java:151)
	at io.appium.java_client.AppiumDriver.findElementByXPath(AppiumDriver.java:1)
	at io.appium.java_client.android.AndroidDriver.findElementByXPath(AndroidDriver.java:1)
	at org.openqa.selenium.By$ByXPath.findElement(By.java:353)
	at org.openqa.selenium.remote.RemoteWebDriver.findElement(RemoteWebDriver.java:315)
	at io.appium.java_client.DefaultGenericMobileDriver.findElement(DefaultGenericMobileDriver.java:57)
	at io.appium.java_client.AppiumDriver.findElement(AppiumDriver.java:1)
	at io.appium.java_client.android.AndroidDriver.findElement(AndroidDriver.java:1)
	at project.pages.LoginPage.clickHideShowPassButton(LoginPage.java:58)
	at project.stepsdefinition.LoginStepDefinition.userClickHideShowPasswordButton(LoginStepDefinition.java:73)
	at ✽.User click show password button(file:///Users/chenr/IdeaProjects/DANA-Business-Project/src/test/resources/features/Login.feature:247)


]]></system-out>
  <system-err><![CDATA[Jun 22, 2020 9:53:28 PM io.cucumber.core.options.CucumberPropertiesParser parse
WARNING: Passing commandline options via the property `cucumber.options` has been deprecatedin favour of explicitly using property names.
Please use these instead: [cucumber.ansi-colors.disabled, cucumber.execution.dry-run, cucumber.execution.limit, cucumber.execution.order, cucumber.execution.strict, cucumber.execution.wip, cucumber.features, cucumber.filter.name, cucumber.filter.tags, cucumber.glue, cucumber.object-factory, cucumber.plugin, cucumber.snippet-type]
Jun 22, 2020 9:53:28 PM io.cucumber.junit.Cucumber <init>
WARNING: By default Cucumber is running in --non-strict mode.
This default will change to --strict and --non-strict will be removed.
You can use --strict or @CucumberOptions(strict = true) to suppress this warning
]]></system-err>
</testsuite>
