<?xml version="1.0" encoding="UTF-8"?>
<testsuite name="7. user login with 13 digits phone number but correct password" tests="6" skipped="0" failures="0" errors="0" timestamp="2020-06-22T14:59:44" hostname="dnid0666l01.local" time="7.48">
  <properties/>
  <testcase name="User is on Login Page" classname="7. user login with 13 digits phone number but correct password" time="0.868"/>
  <testcase name="User input phone number &quot;8130000000000&quot; on phone number field" classname="7. user login with 13 digits phone number but correct password" time="3.902"/>
  <testcase name="User input password &quot;P@ssw0rd&quot; on password field" classname="7. user login with 13 digits phone number but correct password" time="1.451"/>
  <testcase name="User cannot click Sign In button on Login Page" classname="7. user login with 13 digits phone number but correct password" time="0.674"/>
  <testcase name="User see error message &quot;Wrong Phone Number format! Must starts with 8, contains numbers and 9 – 12 digits!&quot;" classname="7. user login with 13 digits phone number but correct password" time="0.087"/>
  <testcase name="classMethod" classname="7. user login with 13 digits phone number but correct password" time="23.675"/>
  <system-out><![CDATA[
@Login @Invalid
Scenario: 7. user login with 13 digits phone number but correct password                                           ?[90m# src/test/resources/features/Login.feature:52?[0m
]]></system-out>
  <system-err><![CDATA[Jun 22, 2020 9:59:44 PM io.appium.java_client.remote.AppiumCommandExecutor$1 lambda$0
INFO: Detected dialect: W3C
]]></system-err>
</testsuite>
