<?xml version="1.0" encoding="UTF-8"?>
<testsuite name="14. user login with prefix 0 phone number but correct password" tests="6" skipped="0" failures="0" errors="0" timestamp="2020-06-22T15:03:01" hostname="dnid0666l01.local" time="16.775">
  <properties/>
  <testcase name="User is on Login Page" classname="14. user login with prefix 0 phone number but correct password" time="1.006"/>
  <testcase name="User input phone number &quot;08130000000&quot; on phone number field" classname="14. user login with prefix 0 phone number but correct password" time="12.84"/>
  <testcase name="User input password &quot;P@ssw0rd&quot; on password field" classname="14. user login with prefix 0 phone number but correct password" time="1.451"/>
  <testcase name="User cannot click Sign In button on Login Page" classname="14. user login with prefix 0 phone number but correct password" time="0.673"/>
  <testcase name="User see error message &quot;Wrong Phone Number format! Must starts with 8, contains numbers and 9 – 12 digits!&quot;" classname="14. user login with prefix 0 phone number but correct password" time="0.07"/>
  <testcase name="classMethod" classname="14. user login with prefix 0 phone number but correct password" time="27.259"/>
  <system-out><![CDATA[
@Login @Invalid
Scenario: 14. user login with prefix 0 phone number but correct password                                           ?[90m# src/test/resources/features/Login.feature:84?[0m
]]></system-out>
  <system-err><![CDATA[Jun 22, 2020 10:03:01 PM io.appium.java_client.remote.AppiumCommandExecutor$1 lambda$0
INFO: Detected dialect: W3C
]]></system-err>
</testsuite>
